SF:lib/core/entitlements/entitlement_service.dart
DA:43,4
DA:47,3
DA:50,1
DA:51,1
DA:53,1
DA:54,1
DA:56,1
DA:59,1
DA:62,2
LF:9
LH:9
end_of_record
SF:lib/core/entitlements/entitlements.dart
DA:10,1
DA:13,2
DA:16,1
DA:22,2
DA:28,4
DA:30,1
DA:31,2
LF:7
LH:7
end_of_record
SF:lib/core/entitlements/free_limits.dart
DA:13,2
DA:17,2
LF:2
LH:2
end_of_record
SF:lib/core/analytics/umami_analytics_service.dart
DA:14,1
DA:19,1
DA:33,5
DA:35,1
DA:36,4
DA:38,1
DA:39,1
DA:41,1
DA:44,1
DA:46,1
DA:48,1
DA:49,2
DA:50,2
DA:51,1
DA:52,2
DA:53,1
DA:54,2
DA:58,2
DA:59,3
DA:64,2
DA:69,4
DA:71,1
DA:74,3
LF:23
LH:23
end_of_record
SF:lib/core/analytics/analytics_service.dart
DA:20,0
DA:22,2
DA:25,6
DA:29,0
DA:32,0
LF:5
LH:2
end_of_record
SF:lib/core/analytics/activation_tracker.dart
DA:16,1
DA:33,3
DA:36,2
DA:39,1
DA:40,1
DA:41,3
DA:42,2
DA:43,1
DA:47,1
DA:48,1
DA:49,3
DA:50,2
DA:51,1
DA:54,1
DA:55,1
DA:57,2
DA:58,2
DA:60,2
DA:63,2
DA:64,2
LF:20
LH:20
end_of_record
SF:lib/core/theme/brand_colors.dart
DA:46,1
DA:47,2
DA:49,1
DA:50,1
LF:4
LH:4
end_of_record
SF:lib/core/theme/gg_contrast.dart
DA:15,7
DA:16,7
DA:17,32
DA:18,77
DA:22,7
DA:23,7
DA:24,7
DA:25,35
DA:33,2
DA:34,4
DA:35,6
DA:50,5
DA:51,10
DA:53,3
DA:54,6
DA:55,3
DA:59,6
DA:61,9
DA:62,6
DA:63,6
DA:67,1
LF:21
LH:21
end_of_record
SF:lib/core/theme/gg_chamber_light.dart
DA:34,5
DA:50,5
DA:52,5
DA:53,5
DA:54,5
DA:55,5
DA:56,5
DA:57,5
DA:58,5
DA:67,5
DA:79,15
DA:81,5
DA:83,15
DA:84,20
DA:85,5
DA:87,5
DA:90,5
DA:91,10
DA:97,5
DA:98,10
DA:99,10
DA:100,10
DA:105,10
DA:108,4
DA:110,12
DA:111,3
DA:112,3
DA:118,3
DA:123,3
DA:125,3
DA:126,3
DA:127,3
DA:128,3
DA:130,9
DA:138,3
DA:142,3
DA:144,3
DA:145,3
DA:147,3
DA:148,3
DA:151,15
DA:156,0
DA:157,0
DA:165,2
DA:166,2
DA:167,4
DA:171,6
DA:174,4
DA:175,2
DA:176,4
LF:50
LH:48
end_of_record
SF:lib/core/theme/gg_dither.dart
DA:23,34
DA:25,17
DA:26,17
DA:27,17
DA:28,34
DA:30,17
DA:31,17
DA:33,17
DA:34,85
DA:50,34
DA:51,17
DA:52,34
DA:53,17
DA:56,68
DA:61,17
DA:68,34
DA:69,68
DA:70,34
DA:71,17
DA:75,2
DA:76,2
DA:77,2
DA:79,4
DA:80,8
DA:81,4
DA:82,2
DA:103,27
DA:104,27
DA:117,9
DA:123,18
DA:124,18
DA:125,18
DA:127,18
DA:130,45
DA:131,18
DA:132,18
DA:133,27
DA:134,2
DA:135,3
DA:140,9
DA:141,9
DA:142,9
DA:143,18
DA:145,9
DA:146,45
DA:155,9
DA:156,9
DA:159,36
DA:160,36
DA:162,9
DA:165,45
DA:167,27
DA:171,2
DA:173,6
DA:174,2
DA:176,4
DA:177,4
DA:180,2
DA:181,4
DA:191,2
DA:203,2
DA:205,4
DA:206,4
DA:207,4
DA:208,2
DA:209,4
DA:210,4
DA:211,12
DA:212,12
DA:213,2
DA:215,2
DA:218,2
DA:221,2
DA:224,8
DA:225,8
DA:226,4
DA:233,1
DA:235,3
DA:236,3
DA:237,3
DA:244,3
DA:262,2
DA:264,8
DA:266,10
DA:267,6
DA:268,8
DA:269,4
DA:272,4
DA:273,0
DA:274,4
DA:275,3
DA:278,2
DA:281,2
DA:282,2
DA:283,4
DA:284,10
DA:285,4
DA:291,3
DA:293,9
DA:294,9
DA:295,9
DA:296,9
LF:102
LH:101
end_of_record
SF:lib/core/theme/gg_detail_light.dart
DA:22,5
DA:61,6
DA:62,6
DA:65,12
DA:83,6
DA:89,6
DA:90,6
DA:95,24
DA:96,6
DA:97,6
DA:98,12
DA:99,6
DA:105,5
DA:107,15
DA:108,5
DA:109,5
DA:110,5
DA:111,15
DA:119,5
DA:125,5
DA:127,15
DA:129,5
DA:132,10
DA:134,5
DA:137,10
DA:140,5
DA:141,5
DA:144,5
DA:147,5
DA:148,10
DA:152,2
DA:154,6
DA:155,6
DA:156,6
DA:166,2
DA:167,2
DA:168,6
DA:169,2
LF:38
LH:38
end_of_record
SF:lib/core/theme/cover_tint.dart
DA:29,6
DA:30,6
DA:34,2
DA:35,3
DA:36,2
DA:39,2
DA:41,1
DA:42,2
DA:43,1
DA:46,1
DA:48,2
DA:49,0
DA:50,0
DA:55,0
DA:56,0
DA:57,0
DA:58,0
DA:59,0
DA:60,0
DA:61,0
DA:64,0
DA:74,1
DA:80,4
DA:81,3
DA:82,1
DA:83,6
DA:88,4
DA:89,4
DA:93,3
DA:94,3
DA:95,3
DA:96,3
DA:97,1
DA:101,5
DA:103,3
DA:104,2
DA:105,2
DA:108,2
DA:110,4
DA:111,4
DA:114,1
DA:115,2
LF:42
LH:32
end_of_record
SF:lib/core/errors/failures.dart
DA:5,2
DA:12,0
DA:13,0
DA:17,2
DA:24,2
DA:31,0
DA:38,1
DA:45,1
DA:52,0
DA:59,0
DA:70,1
LF:11
LH:6
end_of_record
SF:lib/core/network/network_info.dart
DA:9,0
DA:12,0
DA:14,0
DA:15,0
LF:4
LH:0
end_of_record
SF:lib/data/datasources/remote/supabase/models/supabase_user_exceptions.dart
DA:10,1
DA:19,0
DA:21,0
DA:26,0
DA:32,0
DA:33,0
DA:38,0
DA:44,0
DA:45,0
DA:50,0
DA:56,0
DA:57,0
DA:62,0
DA:68,0
DA:69,0
DA:74,0
DA:80,0
DA:81,0
DA:86,0
DA:92,0
DA:93,0
DA:98,0
DA:104,0
DA:105,0
DA:110,0
DA:116,0
DA:117,0
DA:122,0
DA:128,0
DA:129,0
DA:134,0
DA:140,0
DA:141,0
DA:146,0
DA:152,0
DA:153,0
DA:164,1
DA:170,0
DA:171,0
DA:176,0
DA:182,0
DA:183,0
DA:188,0
DA:194,0
DA:195,0
DA:200,0
DA:206,0
DA:207,0
DA:222,0
DA:223,0
DA:224,0
DA:225,0
DA:230,0
DA:231,0
DA:234,0
DA:235,0
DA:236,0
DA:237,0
DA:244,0
DA:245,0
DA:246,0
DA:253,0
DA:254,0
DA:255,0
DA:256,0
DA:263,0
DA:264,0
DA:265,0
DA:272,0
DA:273,0
DA:274,0
DA:275,0
DA:282,0
DA:283,0
DA:284,0
DA:291,0
DA:292,0
DA:293,0
DA:294,0
DA:301,0
LF:80
LH:2
end_of_record
SF:lib/data/repositories/user_collections_repository_impl.dart
DA:12,1
DA:20,1
DA:24,1
DA:25,1
DA:26,2
DA:27,2
DA:33,1
DA:39,1
DA:40,1
DA:41,2
DA:46,1
DA:52,0
DA:60,0
DA:61,0
DA:62,0
DA:69,0
DA:75,1
DA:77,1
DA:78,0
DA:83,1
DA:87,1
DA:88,3
DA:93,0
DA:98,0
DA:99,0
DA:107,1
DA:112,1
DA:113,3
DA:121,1
DA:126,1
DA:127,3
LF:31
LH:22
end_of_record
SF:lib/data/datasources/remote/supabase/models/supabase_auth_exceptions.dart
DA:10,0
DA:19,0
DA:21,0
DA:26,0
DA:32,0
DA:33,0
DA:38,0
DA:44,0
DA:45,0
DA:50,0
DA:56,0
DA:57,0
DA:62,0
DA:68,0
DA:69,0
DA:74,0
DA:80,0
DA:81,0
DA:86,0
DA:93,0
DA:94,0
DA:99,0
DA:105,0
DA:106,0
DA:111,0
DA:117,0
DA:118,0
DA:123,0
DA:129,0
DA:130,0
DA:135,0
DA:141,0
DA:142,0
DA:147,0
DA:153,0
DA:154,0
DA:159,0
DA:165,0
DA:166,0
DA:181,0
DA:182,0
DA:183,0
DA:184,0
DA:189,0
DA:190,0
DA:193,0
DA:194,0
DA:195,0
DA:196,0
DA:203,0
DA:204,0
DA:205,0
DA:206,0
DA:213,0
DA:214,0
DA:215,0
DA:222,0
DA:223,0
DA:224,0
DA:225,0
DA:226,0
DA:233,0
DA:234,0
DA:235,0
DA:242,0
DA:243,0
DA:244,0
DA:251,0
DA:252,0
DA:253,0
DA:260,0
DA:261,0
DA:262,0
DA:269,0
DA:270,0
DA:271,0
DA:272,0
DA:279,0
LF:78
LH:0
end_of_record
SF:lib/data/models/collection/user_collection_model.dart
DA:11,1
DA:12,1
DA:13,1
DA:14,1
DA:15,1
DA:16,1
DA:17,1
DA:18,1
DA:19,1
DA:20,2
DA:21,2
DA:25,1
DA:26,1
DA:27,2
DA:28,1
DA:29,1
DA:30,2
DA:36,1
DA:37,2
LF:19
LH:19
end_of_record
SF:lib/domain/entities/collection/user_collection.dart
DA:16,5
DA:57,0
DA:58,2
DA:60,1
DA:72,1
DA:73,1
DA:74,1
DA:75,1
DA:76,1
DA:77,1
DA:78,1
DA:79,0
DA:80,1
DA:81,1
DA:82,1
DA:86,1
DA:87,1
DA:88,1
DA:89,1
DA:90,1
DA:91,1
DA:92,1
DA:93,1
DA:94,1
DA:95,1
DA:96,1
DA:97,1
LF:27
LH:25
end_of_record
SF:lib/data/repositories/base/supabase_base_repository.dart
DA:46,1
DA:77,1
DA:83,2
DA:92,1
DA:93,1
DA:94,1
DA:96,0
DA:97,1
DA:99,2
DA:100,1
DA:102,0
DA:103,0
DA:104,0
DA:107,1
DA:109,0
DA:110,0
DA:111,0
DA:114,1
DA:121,1
DA:130,1
DA:131,1
DA:132,1
DA:149,1
DA:154,2
DA:162,1
DA:164,0
DA:165,0
DA:166,0
DA:167,0
DA:168,0
DA:169,0
DA:170,0
DA:171,0
DA:174,0
DA:175,0
DA:176,0
DA:177,0
DA:180,0
DA:186,0
DA:193,0
DA:194,0
DA:195,0
DA:202,0
DA:203,0
DA:204,0
DA:205,0
DA:206,0
DA:207,0
DA:208,0
DA:209,0
DA:210,0
DA:211,0
DA:212,0
DA:213,0
DA:214,0
DA:215,0
DA:216,0
DA:217,0
DA:218,0
DA:219,0
DA:220,0
DA:221,0
DA:222,0
DA:223,0
DA:224,0
DA:226,0
DA:231,1
DA:232,1
DA:233,2
DA:234,0
DA:236,0
DA:237,0
DA:238,0
DA:239,0
DA:240,0
DA:241,0
DA:242,0
DA:243,0
DA:244,0
DA:245,0
DA:246,0
DA:247,0
DA:248,0
DA:249,0
DA:250,0
DA:251,0
DA:252,0
DA:253,0
DA:254,0
DA:255,0
DA:256,0
DA:257,0
DA:258,0
DA:259,0
DA:261,0
DA:266,0
DA:268,0
DA:269,0
DA:272,0
DA:275,0
DA:278,0
DA:281,0
DA:284,0
DA:287,0
DA:311,0
DA:316,0
DA:324,0
DA:325,0
DA:326,0
DA:327,0
DA:330,0
DA:331,0
DA:332,0
DA:333,0
DA:334,0
DA:335,0
DA:336,0
DA:337,0
DA:338,0
DA:342,0
DA:343,0
DA:344,0
DA:360,0
DA:362,0
DA:380,0
DA:382,0
LF:126
LH:21
end_of_record
SF:lib/domain/entities/ageRating/age_rating.dart
DA:21,0
DA:22,0
DA:23,0
DA:24,0
DA:75,0
DA:76,0
DA:77,0
DA:78,0
DA:82,0
DA:84,0
DA:86,0
DA:88,0
DA:90,0
DA:92,0
DA:94,0
DA:96,0
DA:98,0
DA:100,0
DA:102,0
DA:104,0
DA:106,0
DA:108,0
DA:110,0
DA:112,0
DA:114,0
DA:116,0
DA:118,0
DA:120,0
DA:122,0
DA:124,0
DA:126,0
DA:128,0
DA:130,0
DA:132,0
DA:134,0
DA:136,0
DA:138,0
DA:141,0
DA:147,0
DA:178,0
DA:180,0
DA:181,0
DA:185,0
DA:186,0
DA:190,0
DA:191,0
DA:199,0
DA:200,0
DA:201,0
DA:202,0
DA:203,0
DA:204,0
DA:205,0
DA:206,0
DA:207,0
DA:208,0
DA:209,0
DA:210,0
DA:211,0
DA:212,0
DA:213,0
DA:215,0
DA:217,0
DA:218,0
DA:222,0
DA:223,0
DA:227,0
DA:229,0
DA:230,0
DA:232,0
DA:234,0
DA:236,0
DA:238,0
DA:240,0
DA:242,0
DA:245,0
DA:252,0
DA:253,0
DA:254,0
DA:255,0
DA:256,0
DA:257,0
DA:258,0
DA:259,0
DA:260,0
DA:261,0
DA:262,0
DA:263,0
DA:264,0
DA:265,0
LF:90
LH:0
end_of_record
SF:lib/domain/entities/ageRating/age_rating_category.dart
DA:6,0
DA:21,0
DA:23,0
LF:3
LH:0
end_of_record
SF:lib/domain/entities/ageRating/age_rating_organization.dart
DA:6,0
DA:20,0
DA:21,0
DA:22,0
DA:23,0
DA:24,0
DA:25,0
DA:26,0
DA:29,0
DA:30,0
DA:31,0
DA:32,0
DA:33,0
DA:34,0
DA:35,0
DA:38,0
DA:39,0
DA:40,0
DA:42,0
DA:44,0
DA:46,0
DA:48,0
DA:50,0
DA:52,0
DA:55,0
DA:59,0
DA:60,0
LF:27
LH:0
end_of_record
SF:lib/domain/entities/artwork.dart
DA:5,0
DA:27,0
DA:28,0
DA:29,0
DA:30,0
DA:31,0
DA:32,0
DA:33,0
DA:34,0
DA:35,0
DA:36,0
DA:37,0
DA:38,0
DA:39,0
DA:40,0
DA:41,0
DA:42,0
DA:43,0
DA:44,0
DA:46,0
DA:47,0
DA:48,0
DA:49,0
DA:50,0
DA:51,0
DA:52,0
DA:53,0
DA:54,0
DA:55,0
DA:56,0
LF:30
LH:0
end_of_record
SF:lib/domain/entities/character/character.dart
DA:11,0
DA:57,0
DA:58,0
DA:59,0
DA:60,0
DA:61,0
DA:62,0
DA:63,0
DA:64,0
DA:65,0
DA:66,0
DA:67,0
DA:68,0
DA:69,0
DA:72,0
DA:73,0
DA:74,0
DA:79,0
DA:80,0
DA:81,0
DA:86,0
DA:87,0
DA:88,0
DA:91,0
DA:92,0
DA:95,0
DA:96,0
DA:99,0
DA:119,0
DA:120,0
DA:121,0
DA:122,0
DA:123,0
DA:124,0
DA:125,0
DA:126,0
DA:127,0
DA:128,0
DA:129,0
DA:130,0
DA:131,0
DA:132,0
DA:133,0
DA:134,0
DA:135,0
DA:136,0
DA:137,0
DA:141,0
DA:142,0
DA:143,0
DA:144,0
DA:145,0
DA:146,0
DA:147,0
DA:148,0
DA:149,0
DA:150,0
DA:151,0
DA:152,0
DA:153,0
DA:154,0
DA:155,0
DA:156,0
DA:157,0
DA:158,0
DA:159,0
DA:160,0
LF:67
LH:0
end_of_record
SF:lib/domain/entities/character/character_gender.dart
DA:5,0
DA:18,0
DA:19,0
DA:32,0
DA:33,0
DA:34,0
DA:35,0
DA:39,0
DA:41,0
DA:43,0
DA:45,0
DA:47,0
LF:12
LH:0
end_of_record
SF:lib/domain/entities/character/character_mug_shot.dart
DA:5,0
DA:25,0
DA:26,0
DA:27,0
DA:28,0
DA:29,0
DA:30,0
DA:31,0
DA:32,0
DA:34,0
DA:35,0
DA:36,0
DA:37,0
DA:38,0
DA:39,0
DA:40,0
DA:41,0
DA:42,0
DA:43,0
LF:19
LH:0
end_of_record
SF:lib/domain/entities/character/character_species.dart
DA:5,0
DA:18,0
DA:19,0
DA:33,0
DA:34,0
DA:35,0
DA:36,0
DA:40,0
DA:42,0
DA:44,0
DA:46,0
DA:48,0
DA:50,0
LF:13
LH:0
end_of_record
SF:lib/domain/entities/game/game.dart
DA:30,5
DA:212,0
DA:214,0
DA:216,0
DA:218,0
DA:220,0
DA:222,0
DA:224,0
DA:226,0
DA:228,0
DA:230,0
DA:232,0
DA:234,0
DA:236,0
DA:238,0
DA:240,0
DA:242,0
DA:245,0
DA:247,0
DA:249,0
DA:252,0
DA:255,0
DA:256,0
DA:259,0
DA:260,0
DA:261,0
DA:266,0
DA:269,0
DA:270,0
DA:271,0
DA:275,0
DA:276,0
DA:280,0
DA:281,0
DA:282,0
DA:283,0
DA:284,0
DA:285,0
DA:289,0
DA:290,0
DA:293,0
DA:295,0
DA:296,0
DA:297,0
DA:300,0
DA:302,0
DA:303,0
DA:304,0
DA:307,1
DA:308,6
DA:311,0
DA:312,0
DA:313,0
DA:314,0
DA:318,0
DA:319,0
DA:320,0
DA:321,0
DA:327,0
DA:330,0
DA:331,0
DA:332,0
DA:333,0
DA:338,1
DA:339,3
DA:342,0
DA:343,0
DA:346,0
DA:347,0
DA:350,0
DA:351,0
DA:354,0
DA:355,0
DA:358,0
DA:359,0
DA:362,0
DA:363,0
DA:366,0
DA:367,0
DA:370,0
DA:373,0
DA:374,0
DA:375,0
DA:376,0
DA:377,0
DA:383,0
DA:384,0
DA:387,0
DA:388,0
DA:391,0
DA:392,0
DA:397,0
DA:398,0
DA:401,0
DA:402,0
DA:405,0
DA:406,0
DA:407,0
DA:408,0
DA:411,0
DA:412,0
DA:413,0
DA:414,0
DA:416,1
DA:481,1
DA:482,1
DA:483,1
DA:484,1
DA:485,1
DA:486,1
DA:487,1
DA:488,1
DA:489,1
DA:490,1
DA:491,1
DA:492,1
DA:493,1
DA:494,1
DA:495,1
DA:497,1
DA:498,1
DA:499,1
DA:500,1
DA:501,1
DA:502,1
DA:503,1
DA:504,1
DA:505,1
DA:506,1
DA:507,1
DA:508,1
DA:509,1
DA:510,1
DA:511,1
DA:512,1
DA:513,1
DA:514,1
DA:515,1
DA:516,1
DA:517,1
DA:518,1
DA:519,1
DA:520,1
DA:521,1
DA:522,1
DA:523,1
DA:524,1
DA:525,1
DA:526,1
DA:527,1
DA:528,1
DA:529,1
DA:530,1
DA:531,1
DA:532,1
DA:533,1
DA:534,1
DA:535,1
DA:536,1
DA:537,1
DA:538,1
DA:539,1
DA:540,1
DA:541,1
DA:542,1
DA:543,1
DA:544,1
DA:545,0
DA:552,0
DA:559,0
DA:569,0
DA:577,0
DA:588,0
DA:594,0
DA:602,0
DA:603,0
DA:604,0
DA:605,0
DA:606,0
DA:607,0
DA:608,0
DA:609,0
DA:610,0
DA:611,0
DA:612,0
DA:613,0
DA:614,0
DA:615,0
DA:616,0
DA:617,0
DA:618,0
DA:619,0
DA:620,0
DA:621,0
DA:622,0
DA:623,0
DA:624,0
DA:625,0
DA:626,0
DA:627,0
DA:628,0
DA:629,0
DA:630,0
DA:631,0
DA:632,0
DA:633,0
DA:634,0
DA:635,0
DA:636,0
DA:637,0
DA:638,0
DA:639,0
DA:640,0
DA:641,0
DA:642,0
DA:643,0
DA:644,0
DA:645,0
DA:646,0
DA:647,0
DA:648,0
DA:649,0
DA:650,0
DA:651,0
DA:652,0
DA:653,0
DA:654,0
DA:655,0
DA:656,0
DA:657,0
DA:658,0
DA:659,0
DA:660,0
DA:661,0
DA:662,0
DA:663,0
DA:664,0
DA:665,0
DA:666,0
DA:667,0
DA:668,0
DA:669,0
DA:670,0
DA:671,0
DA:672,0
LF:245
LH:69
end_of_record
SF:lib/domain/entities/collection/collection.dart
DA:8,0
DA:38,0
DA:39,0
DA:40,0
DA:41,0
DA:42,0
DA:45,0
DA:46,0
DA:47,0
DA:49,0
DA:50,0
DA:51,0
DA:52,0
DA:53,0
DA:54,0
DA:55,0
DA:56,0
DA:57,0
DA:58,0
DA:59,0
DA:60,0
DA:61,0
DA:62,0
LF:23
LH:0
end_of_record
SF:lib/domain/entities/company/company.dart
DA:22,0
DA:23,0
DA:24,0
DA:25,0
DA:31,1
DA:87,0
DA:88,0
DA:89,0
DA:90,0
DA:91,0
DA:92,0
DA:93,0
DA:94,0
DA:96,0
DA:97,0
DA:99,0
DA:100,0
DA:101,0
DA:104,0
DA:105,0
DA:106,0
DA:107,0
DA:108,0
DA:110,0
DA:111,0
DA:112,0
DA:113,0
DA:114,0
DA:115,0
DA:116,0
DA:117,0
DA:118,0
DA:119,0
DA:120,0
DA:121,0
DA:122,0
DA:123,0
DA:124,0
DA:125,0
DA:126,0
DA:127,0
DA:128,0
DA:129,0
DA:130,0
DA:131,0
DA:132,0
DA:133,0
DA:134,0
LF:48
LH:1
end_of_record
SF:lib/domain/entities/company/company_logo.dart
DA:6,0
DA:26,0
DA:27,0
DA:28,0
DA:29,0
DA:30,0
DA:31,0
DA:32,0
DA:33,0
DA:35,0
DA:36,0
DA:37,0
DA:38,0
DA:39,0
DA:40,0
DA:41,0
DA:42,0
DA:43,0
DA:44,0
LF:19
LH:0
end_of_record
SF:lib/domain/entities/website/website.dart
DA:6,1
DA:17,0
DA:18,0
LF:3
LH:1
end_of_record
SF:lib/domain/entities/event/event.dart
DA:13,0
DA:67,0
DA:68,0
DA:69,0
DA:70,0
DA:71,0
DA:72,0
DA:73,0
DA:74,0
DA:75,0
DA:76,0
DA:77,0
DA:80,0
DA:81,0
DA:82,0
DA:85,0
DA:86,0
DA:87,0
DA:88,0
DA:89,0
DA:92,0
DA:93,0
DA:94,0
DA:97,0
DA:98,0
DA:99,0
DA:103,0
DA:104,0
DA:105,0
DA:108,0
DA:109,0
DA:110,0
DA:113,0
DA:114,0
DA:115,0
DA:119,0
DA:120,0
DA:123,0
DA:124,0
DA:125,0
DA:126,0
DA:133,0
DA:134,0
DA:135,0
DA:141,0
DA:142,0
DA:143,0
DA:149,0
DA:150,0
DA:154,0
DA:155,0
DA:159,0
DA:162,0
DA:165,0
DA:166,0
DA:170,0
DA:171,0
DA:172,0
DA:173,0
DA:174,0
DA:175,0
DA:177,0
DA:181,0
DA:182,0
DA:183,0
DA:184,0
DA:185,0
DA:186,0
DA:188,0
DA:195,0
DA:216,0
DA:217,0
DA:218,0
DA:219,0
DA:220,0
DA:221,0
DA:222,0
DA:223,0
DA:224,0
DA:225,0
DA:226,0
DA:227,0
DA:228,0
DA:229,0
DA:230,0
DA:231,0
DA:232,0
DA:233,0
DA:234,0
DA:235,0
DA:239,0
DA:240,0
DA:241,0
DA:242,0
DA:243,0
DA:244,0
DA:245,0
DA:246,0
DA:247,0
DA:248,0
DA:249,0
DA:250,0
DA:251,0
DA:252,0
DA:253,0
DA:254,0
DA:255,0
DA:256,0
DA:257,0
DA:258,0
DA:259,0
LF:111
LH:0
end_of_record
SF:lib/domain/entities/event/event_logo.dart
DA:11,0
DA:40,0
DA:41,0
DA:42,0
DA:43,0
DA:44,0
DA:45,0
DA:47,0
DA:48,0
DA:51,0
DA:52,0
DA:56,0
DA:57,0
DA:61,0
DA:64,0
DA:67,0
DA:69,0
DA:70,0
DA:71,0
DA:72,0
DA:73,0
DA:74,0
DA:75,0
DA:76,0
DA:77,0
DA:78,0
DA:79,0
DA:80,0
DA:81,0
LF:29
LH:0
end_of_record
SF:lib/domain/entities/event/event_network.dart
DA:13,0
DA:38,0
DA:39,0
DA:40,0
DA:41,0
DA:44,0
DA:45,0
DA:46,0
DA:47,0
DA:48,0
DA:49,0
DA:50,0
DA:51,0
DA:52,0
DA:53,0
DA:54,0
DA:55,0
DA:56,0
DA:57,0
DA:58,0
DA:60,0
DA:61,0
DA:62,0
DA:63,0
DA:64,0
DA:65,0
DA:66,0
DA:67,0
DA:68,0
DA:71,0
DA:72,0
DA:74,0
DA:75,0
DA:76,0
DA:77,0
DA:78,0
DA:79,0
DA:80,0
DA:81,0
DA:82,0
DA:85,0
DA:86,0
DA:93,0
DA:94,0
DA:95,0
DA:96,0
DA:97,0
DA:98,0
DA:99,0
DA:100,0
DA:101,0
DA:102,0
DA:107,0
DA:108,0
DA:109,0
DA:110,0
DA:111,0
DA:112,0
DA:113,0
DA:114,0
DA:115,0
DA:116,0
DA:120,0
DA:121,0
DA:122,0
DA:123,0
DA:124,0
DA:125,0
DA:126,0
DA:127,0
DA:128,0
DA:129,0
LF:72
LH:0
end_of_record
SF:lib/domain/entities/game/game_video.dart
DA:8,0
DA:17,0
DA:18,0
DA:19,0
DA:21,0
DA:22,0
LF:6
LH:0
end_of_record
SF:lib/domain/entities/event/network_type.dart
DA:10,0
DA:29,0
DA:30,0
DA:33,0
DA:34,0
DA:35,0
DA:36,0
DA:37,0
DA:39,0
DA:40,0
DA:41,0
DA:42,0
DA:44,0
DA:45,0
DA:46,0
DA:49,0
DA:50,0
DA:51,0
DA:52,0
DA:57,0
DA:58,0
DA:59,0
DA:60,0
DA:64,0
DA:65,0
DA:66,0
DA:67,0
DA:68,0
DA:69,0
DA:70,0
DA:71,0
LF:31
LH:0
end_of_record
SF:lib/domain/entities/externalGame/external_game.dart
DA:33,0
DA:34,0
DA:35,0
DA:36,0
DA:40,0
DA:42,0
DA:44,0
DA:46,0
DA:48,0
DA:50,0
DA:52,0
DA:54,0
DA:56,0
DA:58,0
DA:60,0
DA:62,0
DA:64,0
DA:66,0
DA:68,0
DA:70,0
DA:72,0
DA:74,0
DA:76,0
DA:78,0
DA:80,0
DA:82,0
DA:84,0
DA:86,0
DA:91,0
DA:93,0
DA:95,0
DA:97,0
DA:99,0
DA:101,0
DA:103,0
DA:105,0
DA:107,0
DA:109,0
DA:116,0
DA:117,0
DA:126,0
DA:139,0
DA:140,0
DA:141,0
DA:142,0
DA:146,0
DA:148,0
DA:150,0
DA:152,0
DA:159,0
DA:195,0
DA:196,0
DA:197,0
DA:202,0
DA:203,0
DA:204,0
DA:209,0
DA:210,0
DA:213,0
DA:214,0
DA:215,0
DA:218,0
DA:219,0
DA:220,0
DA:224,0
DA:225,0
DA:226,0
DA:227,0
DA:228,0
DA:229,0
DA:230,0
DA:231,0
DA:232,0
DA:233,0
DA:242,0
DA:243,0
DA:244,0
DA:245,0
DA:246,0
DA:247,0
DA:248,0
DA:249,0
DA:250,0
DA:251,0
DA:252,0
DA:253,0
DA:254,0
DA:255,0
DA:256,0
DA:257,0
DA:258,0
LF:91
LH:0
end_of_record
SF:lib/domain/entities/franchise.dart
DA:8,0
DA:32,0
DA:33,0
DA:36,0
DA:37,0
DA:39,0
DA:40,0
DA:41,0
DA:42,0
DA:43,0
DA:44,0
DA:45,0
DA:46,0
DA:47,0
DA:48,0
DA:49,0
LF:16
LH:0
end_of_record
SF:lib/domain/entities/game/game_engine.dart
DA:12,0
DA:49,0
DA:50,0
DA:51,0
DA:52,0
DA:53,0
DA:55,0
DA:56,0
DA:59,0
DA:60,0
DA:61,0
DA:64,0
DA:65,0
DA:67,0
DA:68,0
DA:69,0
DA:70,0
DA:71,0
DA:72,0
DA:73,0
DA:74,0
DA:75,0
DA:76,0
DA:77,0
DA:78,0
DA:79,0
DA:80,0
DA:81,0
DA:82,0
LF:29
LH:0
end_of_record
SF:lib/domain/entities/game/game_localization.dart
DA:20,0
DA:29,0
DA:30,0
LF:3
LH:0
end_of_record
SF:lib/domain/entities/game/game_mode.dart
DA:5,0
DA:22,0
DA:23,0
DA:24,0
DA:25,0
DA:26,0
DA:27,0
DA:28,0
DA:29,0
DA:30,0
LF:10
LH:0
end_of_record
SF:lib/domain/entities/game/game_status.dart
DA:7,0
DA:22,0
DA:24,0
LF:3
LH:0
end_of_record
SF:lib/domain/entities/game/game_time_to_beat.dart
DA:7,0
DA:27,0
DA:28,0
DA:29,0
DA:32,0
DA:33,0
DA:34,0
DA:35,0
DA:36,0
DA:37,0
DA:38,0
DA:39,0
DA:41,0
DA:42,0
DA:43,0
DA:44,0
DA:45,0
DA:46,0
DA:47,0
DA:48,0
DA:49,0
DA:50,0
LF:22
LH:0
end_of_record
SF:lib/domain/entities/game/game_type.dart
DA:7,0
DA:20,0
DA:21,0
LF:3
LH:0
end_of_record
SF:lib/domain/entities/genre.dart
DA:5,0
DA:22,0
DA:23,0
DA:24,0
DA:25,0
DA:26,0
DA:27,0
DA:28,0
DA:29,0
DA:30,0
LF:10
LH:0
end_of_record
SF:lib/domain/entities/involved_company.dart
DA:6,0
DA:21,0
DA:23,0
LF:3
LH:0
end_of_record
SF:lib/domain/entities/keyword.dart
DA:5,0
DA:22,0
DA:23,0
DA:24,0
DA:25,0
DA:26,0
DA:27,0
DA:28,0
DA:29,0
DA:30,0
LF:10
LH:0
end_of_record
SF:lib/domain/entities/language/language_support.dart
DA:7,0
DA:29,0
DA:30,0
DA:33,0
DA:34,0
DA:35,0
DA:36,0
DA:38,0
DA:39,0
DA:40,0
DA:41,0
DA:42,0
DA:43,0
DA:44,0
DA:45,0
DA:46,0
DA:47,0
DA:48,0
LF:18
LH:0
end_of_record
SF:lib/domain/entities/multiplayer_mode.dart
DA:5,0
DA:32,0
DA:33,0
DA:34,0
DA:35,0
DA:36,0
DA:37,0
DA:38,0
DA:39,0
DA:40,0
DA:41,0
DA:42,0
DA:43,0
DA:44,0
DA:45,0
LF:15
LH:0
end_of_record
SF:lib/domain/entities/platform/platform.dart
DA:21,0
DA:63,0
DA:64,0
DA:66,0
DA:67,0
DA:68,0
DA:75,0
DA:76,0
DA:77,0
DA:78,0
DA:81,0
DA:82,0
DA:83,0
DA:84,0
DA:86,0
DA:88,0
DA:90,0
DA:92,0
DA:94,0
DA:100,0
DA:101,0
DA:102,0
DA:103,0
DA:104,0
DA:105,0
DA:106,0
DA:113,0
DA:114,0
DA:115,0
DA:116,0
DA:117,0
DA:118,0
DA:120,0
DA:121,0
DA:122,0
DA:123,0
DA:124,0
DA:125,0
DA:126,0
DA:127,0
DA:128,0
DA:129,0
DA:130,0
DA:131,0
DA:132,0
DA:133,0
DA:134,0
DA:135,0
DA:136,0
DA:137,0
DA:138,0
DA:139,0
DA:140,0
LF:53
LH:0
end_of_record
SF:lib/domain/entities/player_perspective.dart
DA:5,0
DA:14,0
DA:15,0
LF:3
LH:0
end_of_record
SF:lib/domain/entities/releaseDate/release_date.dart
DA:19,0
DA:20,0
DA:21,0
DA:22,0
DA:26,0
DA:28,0
DA:30,0
DA:32,0
DA:34,0
DA:36,0
DA:38,0
DA:40,0
DA:42,0
DA:66,0
DA:67,0
DA:68,0
DA:69,0
DA:73,0
DA:75,0
DA:77,0
DA:79,0
DA:81,0
DA:83,0
DA:85,0
DA:87,0
DA:89,0
DA:91,0
DA:93,0
DA:104,0
DA:145,0
DA:146,0
DA:147,0
DA:148,0
DA:149,0
DA:150,0
DA:151,0
DA:152,0
DA:155,0
DA:156,0
DA:157,0
DA:160,0
DA:161,0
DA:162,0
DA:165,0
DA:166,0
DA:167,0
DA:168,0
DA:169,0
DA:170,0
DA:171,0
DA:175,0
DA:176,0
DA:177,0
DA:180,0
DA:181,0
DA:182,0
DA:186,0
DA:187,0
DA:188,0
DA:189,0
DA:194,0
DA:195,0
DA:197,0
DA:198,0
DA:199,0
DA:200,0
DA:201,0
DA:202,0
DA:203,0
DA:204,0
DA:205,0
DA:206,0
DA:213,0
DA:214,0
DA:215,0
DA:218,0
DA:219,0
DA:222,0
DA:223,0
DA:224,0
DA:225,0
DA:226,0
DA:227,0
DA:228,0
DA:232,0
DA:233,0
DA:234,0
DA:236,0
DA:242,0
DA:243,0
DA:244,0
DA:249,0
DA:250,0
DA:251,0
DA:252,0
DA:253,0
DA:254,0
DA:255,0
DA:256,0
DA:257,0
DA:258,0
DA:259,0
DA:260,0
DA:261,0
DA:262,0
DA:263,0
DA:264,0
DA:265,0
LF:108
LH:0
end_of_record
SF:lib/domain/entities/screenshot.dart
DA:5,0
DA:27,0
DA:28,0
DA:29,0
DA:30,0
DA:31,0
DA:32,0
DA:33,0
DA:34,0
DA:35,0
DA:36,0
DA:37,0
DA:38,0
DA:40,0
DA:41,0
DA:42,0
DA:43,0
DA:44,0
DA:45,0
DA:46,0
DA:47,0
DA:48,0
DA:49,0
DA:50,0
LF:24
LH:0
end_of_record
SF:lib/domain/entities/theme.dart
DA:5,0
DA:22,0
DA:23,0
DA:24,0
DA:25,0
DA:26,0
DA:27,0
DA:28,0
DA:29,0
DA:30,0
LF:10
LH:0
end_of_record
SF:lib/domain/entities/game/game_engine_logo.dart
DA:5,0
DA:25,0
DA:26,0
DA:27,0
DA:28,0
DA:29,0
DA:30,0
DA:31,0
DA:32,0
DA:33,0
DA:34,0
DA:36,0
DA:37,0
DA:38,0
DA:39,0
DA:40,0
DA:41,0
DA:42,0
DA:43,0
DA:44,0
DA:45,0
LF:21
LH:0
end_of_record
SF:lib/domain/entities/language/language.dart
DA:5,1
DA:23,0
DA:26,0
DA:27,0
DA:28,0
DA:32,0
DA:35,0
DA:46,0
DA:48,0
DA:49,0
DA:50,0
DA:51,0
DA:52,0
DA:53,0
DA:54,0
DA:55,0
DA:56,0
LF:17
LH:1
end_of_record
SF:lib/domain/entities/language/language_support_type.dart
DA:5,1
DA:19,0
DA:20,0
DA:21,0
DA:22,0
DA:25,0
DA:26,0
DA:27,0
DA:28,0
DA:32,0
DA:33,0
DA:34,0
DA:35,0
DA:36,0
DA:37,0
DA:38,0
DA:56,0
DA:57,0
LF:18
LH:1
end_of_record
SF:lib/domain/entities/platform/platform_logo.dart
DA:5,0
DA:25,0
DA:26,0
DA:27,0
DA:28,0
DA:29,0
DA:30,0
DA:31,0
DA:32,0
DA:34,0
DA:35,0
DA:36,0
DA:37,0
DA:38,0
DA:39,0
DA:40,0
DA:41,0
DA:42,0
DA:43,0
LF:19
LH:0
end_of_record
SF:lib/domain/entities/website/website_type.dart
DA:5,2
DA:19,0
DA:20,0
DA:21,0
DA:23,0
DA:24,0
DA:26,0
DA:28,0
DA:30,0
DA:32,0
DA:34,0
DA:36,0
DA:38,0
DA:40,0
DA:42,0
DA:44,0
DA:45,0
DA:47,0
DA:48,0
DA:50,0
DA:58,2
DA:67,3
DA:70,0
DA:77,0
DA:80,0
DA:83,0
DA:85,0
DA:86,0
DA:87,0
DA:88,0
DA:89,0
DA:90,0
DA:91,0
DA:123,0
DA:124,0
DA:125,0
DA:126,0
DA:130,0
DA:131,0
LF:39
LH:3
end_of_record
SF:lib/data/datasources/remote/supabase/models/postgrest_filter.dart
DA:18,1
DA:19,2
DA:20,1
LF:3
LH:3
end_of_record
SF:lib/data/models/game/game_model.dart
DA:53,1
DA:120,0
DA:121,0
DA:122,0
DA:123,0
DA:124,0
DA:125,0
DA:126,0
DA:127,0
DA:128,0
DA:129,0
DA:130,0
DA:133,0
DA:134,0
DA:135,0
DA:136,0
DA:137,0
DA:138,0
DA:141,0
DA:142,0
DA:143,0
DA:144,0
DA:145,0
DA:146,0
DA:149,0
DA:150,0
DA:151,0
DA:152,0
DA:155,0
DA:156,0
DA:157,0
DA:158,0
DA:159,0
DA:161,0
DA:162,0
DA:165,0
DA:166,0
DA:169,0
DA:170,0
DA:173,0
DA:176,0
DA:177,0
DA:178,0
DA:181,0
DA:182,0
DA:183,0
DA:186,0
DA:187,0
DA:188,0
DA:190,0
DA:191,0
DA:192,0
DA:193,0
DA:194,0
DA:195,0
DA:196,0
DA:197,0
DA:200,0
DA:203,0
DA:205,0
DA:206,0
DA:212,0
DA:213,0
DA:214,0
DA:218,0
DA:219,0
DA:223,0
DA:224,0
DA:225,0
DA:226,0
DA:230,0
DA:231,0
DA:232,0
DA:233,0
DA:237,0
DA:238,0
DA:242,0
DA:243,0
DA:244,0
DA:255,0
DA:257,0
DA:258,0
DA:259,0
DA:260,0
DA:261,0
DA:262,0
DA:263,0
DA:264,0
DA:270,0
DA:272,0
DA:273,0
DA:274,0
DA:275,0
DA:276,0
DA:277,0
DA:278,0
DA:286,0
DA:287,0
DA:288,0
DA:289,0
DA:290,0
DA:296,0
DA:297,0
DA:299,0
DA:300,0
DA:301,0
DA:303,0
DA:306,0
DA:307,0
DA:309,0
DA:310,0
DA:311,0
DA:313,0
DA:317,0
DA:318,0
DA:320,0
DA:321,0
DA:322,0
DA:324,0
DA:328,0
DA:329,0
DA:331,0
DA:332,0
DA:333,0
DA:335,0
DA:338,0
DA:339,0
DA:341,0
DA:342,0
DA:343,0
DA:345,0
DA:348,0
DA:349,0
DA:351,0
DA:352,0
DA:354,0
DA:359,0
DA:360,0
DA:361,0
DA:363,0
DA:366,0
DA:367,0
DA:369,0
DA:370,0
DA:372,0
DA:377,0
DA:378,0
DA:379,0
DA:381,0
DA:384,0
DA:385,0
DA:387,0
DA:388,0
DA:390,0
DA:395,0
DA:396,0
DA:397,0
DA:399,0
DA:402,0
DA:403,0
DA:405,0
DA:406,0
DA:407,0
DA:409,0
DA:412,0
DA:413,0
DA:415,0
DA:416,0
DA:417,0
DA:419,0
DA:422,0
DA:425,0
DA:427,0
DA:428,0
DA:429,0
DA:431,0
DA:434,0
DA:435,0
DA:436,0
DA:438,0
DA:441,0
DA:442,0
DA:444,0
DA:445,0
DA:446,0
DA:448,0
DA:451,0
DA:452,0
DA:454,0
DA:455,0
DA:456,0
DA:458,0
DA:461,0
DA:462,0
DA:464,0
DA:465,0
DA:466,0
DA:468,0
DA:471,0
DA:472,0
DA:474,0
DA:475,0
DA:476,0
DA:478,0
DA:481,0
DA:482,0
DA:484,0
DA:485,0
DA:486,0
DA:488,0
DA:491,0
DA:492,0
DA:494,0
DA:495,0
DA:496,0
DA:498,0
DA:501,0
DA:502,0
DA:504,0
DA:505,0
DA:506,0
DA:508,0
DA:511,0
DA:514,0
DA:516,0
DA:517,0
DA:518,0
DA:520,0
DA:523,0
DA:524,0
DA:526,0
DA:527,0
DA:528,0
DA:530,0
DA:533,0
DA:534,0
DA:535,0
DA:540,0
DA:541,0
DA:543,0
DA:544,0
DA:545,0
DA:547,0
DA:550,0
DA:551,0
DA:553,0
DA:554,0
DA:555,0
DA:557,0
DA:561,0
DA:562,0
DA:564,0
DA:566,0
DA:567,0
DA:569,0
DA:570,0
DA:572,0
DA:574,0
DA:575,0
DA:577,0
DA:579,0
DA:581,0
DA:583,0
DA:585,0
DA:586,0
DA:588,0
DA:589,0
DA:590,0
DA:592,0
DA:595,0
DA:596,0
DA:597,0
DA:602,0
DA:603,0
DA:604,0
DA:609,0
DA:610,0
DA:612,0
DA:613,0
DA:614,0
DA:616,0
DA:622,0
DA:623,0
DA:624,0
DA:625,0
DA:626,0
DA:627,0
DA:628,0
DA:629,0
DA:630,0
DA:631,0
DA:632,0
DA:633,0
DA:635,0
DA:636,0
DA:637,0
DA:638,0
DA:639,0
DA:640,0
DA:641,0
DA:642,0
DA:643,0
DA:646,0
DA:647,0
DA:648,0
DA:649,0
DA:650,0
DA:651,0
DA:652,0
DA:655,0
DA:656,0
DA:657,0
LF:312
LH:1
end_of_record
SF:lib/data/repositories/base/igdb_base_repository.dart
DA:41,1
DA:70,1
DA:76,2
DA:85,1
DA:86,1
DA:87,1
DA:94,1
DA:101,1
DA:103,0
DA:104,0
DA:105,0
DA:108,1
DA:115,1
DA:117,1
DA:118,1
DA:119,1
DA:122,1
DA:124,1
DA:125,1
DA:126,1
DA:129,0
DA:136,0
DA:138,0
DA:139,0
DA:140,0
DA:145,0
DA:146,0
DA:147,0
DA:164,0
DA:169,0
DA:177,0
DA:179,0
DA:185,0
DA:191,0
DA:192,0
DA:193,0
DA:194,0
DA:195,0
DA:196,0
DA:198,0
DA:199,0
DA:200,0
DA:221,0
DA:226,0
DA:235,0
DA:236,0
DA:238,0
DA:239,0
DA:245,0
DA:251,0
DA:252,0
DA:253,0
DA:254,0
DA:255,0
DA:256,0
DA:258,0
DA:259,0
DA:260,0
DA:284,0
DA:292,0
DA:293,0
DA:299,0
DA:303,0
DA:306,0
DA:311,0
DA:312,0
DA:313,0
DA:315,0
DA:323,0
DA:329,1
DA:333,0
DA:335,0
DA:340,1
DA:343,1
DA:345,0
DA:346,0
DA:351,1
DA:355,1
DA:357,0
DA:358,0
DA:363,1
DA:366,1
DA:368,0
DA:369,0
DA:374,0
DA:377,0
DA:379,0
DA:380,0
DA:385,0
DA:388,0
DA:390,0
DA:391,0
LF:92
LH:24
end_of_record
SF:lib/data/repositories/game_repository_impl/repo_user_stats.dart
DA:7,0
DA:9,0
DA:10,0
DA:15,0
DA:16,0
DA:17,0
DA:20,0
DA:22,0
DA:26,0
DA:32,0
DA:36,0
DA:37,0
DA:38,0
DA:41,0
DA:47,0
DA:57,0
DA:68,0
DA:77,0
DA:84,0
DA:91,0
DA:96,0
DA:97,0
DA:98,0
DA:99,0
DA:104,0
DA:109,0
DA:111,0
DA:113,0
DA:114,0
DA:116,0
DA:125,0
DA:129,0
DA:136,0
DA:137,0
DA:138,0
DA:139,0
DA:140,0
DA:145,0
DA:154,0
DA:163,0
DA:169,0
DA:177,0
DA:183,0
DA:188,0
DA:191,0
DA:193,0
DA:195,0
DA:197,0
DA:200,0
DA:201,0
DA:203,0
DA:206,0
DA:210,0
DA:214,0
DA:223,0
DA:226,0
DA:230,0
DA:237,0
DA:240,0
DA:241,0
DA:242,0
DA:245,0
DA:246,0
DA:247,0
DA:248,0
DA:253,0
DA:259,0
DA:267,0
DA:273,0
DA:279,0
DA:282,0
DA:284,0
DA:286,0
DA:288,0
DA:291,0
DA:292,0
DA:294,0
DA:297,0
DA:301,0
DA:302,0
DA:307,0
DA:316,0
DA:319,0
LF:83
LH:0
end_of_record
SF:lib/data/repositories/game_repository_impl/repo_discovery.dart
DA:10,1
DA:16,2
DA:17,1
DA:20,1
DA:21,1
DA:22,1
DA:23,1
DA:27,2
DA:33,1
DA:35,1
DA:36,1
DA:41,0
DA:42,0
DA:43,0
DA:44,0
DA:46,0
DA:50,0
DA:51,0
DA:52,0
DA:56,0
DA:57,0
DA:58,0
DA:65,0
DA:70,0
DA:73,0
DA:74,0
DA:76,0
DA:78,0
DA:79,0
DA:82,0
DA:85,0
DA:94,0
DA:99,0
DA:102,0
DA:104,0
DA:105,0
DA:108,0
DA:109,0
DA:110,0
DA:111,0
DA:114,0
DA:116,0
DA:122,0
DA:124,0
DA:125,0
DA:128,0
DA:129,0
DA:130,0
DA:131,0
DA:134,0
DA:136,0
DA:146,1
DA:151,1
DA:152,1
DA:153,1
DA:157,2
DA:164,0
DA:169,0
DA:170,0
DA:171,0
DA:175,0
DA:181,0
DA:186,0
DA:187,0
DA:188,0
DA:193,0
DA:199,0
DA:204,0
DA:205,0
DA:206,0
DA:212,0
DA:222,0
DA:224,0
DA:225,0
DA:230,0
DA:231,0
DA:233,0
DA:234,0
DA:238,0
DA:240,0
DA:241,0
DA:246,0
DA:247,0
DA:250,0
DA:256,0
DA:258,0
DA:259,0
DA:264,0
DA:265,0
DA:266,0
DA:267,0
DA:273,0
DA:279,0
DA:281,0
DA:282,0
DA:287,0
DA:288,0
DA:289,0
DA:290,0
DA:291,0
DA:293,0
DA:299,0
LF:102
LH:16
end_of_record
SF:lib/data/repositories/game_repository_impl/repo_media_facets.dart
DA:7,0
DA:14,0
DA:21,0
DA:25,0
DA:26,0
DA:29,0
DA:30,0
DA:32,0
DA:33,0
DA:35,0
DA:37,0
DA:40,0
DA:41,0
DA:42,0
DA:51,0
DA:53,0
DA:54,0
DA:59,0
DA:60,0
DA:61,0
DA:62,0
DA:66,0
DA:68,0
DA:69,0
DA:72,0
DA:78,0
DA:80,0
DA:81,0
DA:86,0
DA:87,0
DA:88,0
DA:92,0
DA:98,0
DA:100,0
DA:101,0
DA:106,0
DA:107,0
DA:108,0
DA:111,0
DA:113,0
DA:117,0
DA:123,0
DA:125,0
DA:126,0
DA:131,0
DA:132,0
DA:133,0
DA:136,0
DA:142,0
DA:146,0
DA:147,0
DA:152,0
DA:153,0
DA:154,0
DA:155,0
DA:159,0
DA:161,0
DA:165,0
DA:166,0
DA:168,0
DA:169,0
DA:170,0
DA:177,0
DA:179,0
DA:180,0
DA:185,0
DA:186,0
DA:187,0
DA:188,0
DA:192,0
DA:194,0
DA:195,0
DA:198,0
DA:204,0
DA:206,0
DA:207,0
DA:212,0
DA:213,0
DA:214,0
DA:215,0
DA:219,0
DA:221,0
DA:222,0
DA:225,0
DA:231,0
DA:233,0
DA:234,0
DA:237,0
DA:238,0
DA:239,0
DA:240,0
DA:242,0
DA:244,0
DA:247,0
DA:248,0
DA:249,0
DA:258,0
DA:260,0
DA:261,0
DA:266,0
DA:267,0
DA:269,0
DA:270,0
DA:275,0
DA:277,0
DA:278,0
DA:279,0
DA:280,0
DA:285,0
DA:286,0
DA:287,0
DA:289,0
DA:291,0
DA:297,0
DA:305,0
DA:306,0
DA:309,0
DA:310,0
DA:311,0
DA:312,0
DA:315,0
DA:323,0
DA:329,0
DA:338,0
DA:339,0
DA:340,0
DA:341,0
DA:342,0
DA:343,0
DA:344,0
DA:347,0
DA:352,0
DA:357,0
DA:363,0
DA:372,0
DA:373,0
DA:374,0
DA:375,0
DA:377,0
DA:378,0
DA:379,0
DA:380,0
DA:383,0
DA:388,0
DA:393,0
DA:399,0
DA:401,0
DA:402,0
DA:403,0
DA:407,0
LF:150
LH:0
end_of_record
SF:lib/data/repositories/game_repository_impl/repo_by_entity.dart
DA:11,0
DA:19,0
DA:20,0
DA:23,0
DA:24,0
DA:25,0
DA:26,0
DA:31,0
DA:32,0
DA:34,0
DA:40,0
DA:48,0
DA:49,0
DA:52,0
DA:53,0
DA:54,0
DA:55,0
DA:59,0
DA:65,0
DA:73,0
DA:74,0
DA:77,0
DA:78,0
DA:79,0
DA:80,0
DA:87,0
DA:94,0
DA:99,0
DA:100,0
DA:105,0
DA:106,0
DA:107,0
DA:108,0
DA:115,0
DA:122,0
DA:127,0
DA:128,0
DA:133,0
DA:134,0
DA:135,0
DA:136,0
DA:143,0
DA:149,0
DA:156,0
DA:157,0
DA:159,0
DA:164,0
DA:165,0
DA:166,0
DA:171,0
DA:172,0
DA:173,0
DA:177,0
DA:179,0
DA:180,0
DA:184,0
DA:186,0
DA:187,0
DA:189,0
DA:190,0
DA:191,0
DA:196,0
DA:197,0
DA:200,0
DA:202,0
DA:204,0
DA:205,0
DA:208,0
DA:210,0
DA:212,0
DA:213,0
DA:216,0
DA:218,0
DA:222,0
DA:224,0
DA:225,0
DA:227,0
DA:229,0
DA:230,0
DA:232,0
DA:234,0
DA:235,0
DA:239,0
DA:240,0
DA:243,0
DA:245,0
DA:247,0
DA:248,0
DA:251,0
DA:253,0
DA:255,0
DA:256,0
DA:259,0
DA:261,0
DA:265,0
DA:266,0
DA:267,0
DA:269,0
DA:270,0
DA:271,0
DA:275,0
DA:276,0
DA:277,0
DA:279,0
DA:280,0
DA:281,0
DA:283,0
DA:284,0
DA:286,0
DA:288,0
DA:290,0
DA:292,0
DA:293,0
DA:297,0
DA:298,0
DA:300,0
DA:303,0
DA:304,0
DA:307,0
DA:312,0
DA:313,0
DA:314,0
DA:318,0
DA:319,0
DA:321,0
DA:323,0
DA:325,0
DA:327,0
DA:328,0
DA:332,0
DA:334,0
DA:337,0
DA:339,0
DA:340,0
DA:345,0
DA:346,0
DA:352,0
DA:353,0
DA:355,0
DA:358,0
DA:359,0
DA:360,0
DA:362,0
DA:363,0
DA:364,0
DA:366,0
DA:367,0
DA:368,0
DA:370,0
DA:371,0
DA:372,0
DA:376,0
DA:381,0
DA:382,0
DA:384,0
DA:386,0
DA:389,0
DA:397,0
LF:158
LH:0
end_of_record
SF:lib/data/repositories/game_repository_impl/repo_user_data.dart
DA:7,0
DA:11,0
DA:19,0
DA:21,0
DA:26,0
DA:28,0
DA:30,0
DA:32,0
DA:35,0
DA:36,0
DA:38,0
DA:41,0
DA:45,0
DA:46,0
DA:51,0
DA:53,0
DA:59,0
DA:60,0
DA:61,0
DA:63,0
DA:67,0
DA:71,0
DA:78,0
DA:79,0
DA:80,0
DA:82,0
DA:83,0
DA:88,0
DA:92,0
DA:99,0
DA:100,0
DA:101,0
DA:103,0
DA:104,0
DA:109,0
DA:115,0
DA:116,0
DA:119,0
DA:125,0
DA:126,0
DA:129,0
DA:135,0
DA:136,0
DA:139,0
DA:145,0
DA:153,0
DA:159,0
DA:165,0
DA:168,0
DA:170,0
DA:172,0
DA:174,0
DA:177,0
DA:178,0
DA:180,0
DA:183,0
DA:187,0
DA:191,0
DA:200,0
DA:203,0
DA:210,0
DA:212,0
DA:214,0
DA:216,0
DA:217,0
DA:218,0
DA:220,0
DA:221,0
DA:222,0
DA:223,0
DA:224,0
DA:226,0
DA:231,0
DA:243,0
DA:249,0
DA:256,0
DA:258,0
DA:259,0
DA:263,0
DA:273,0
DA:275,0
DA:276,0
DA:277,0
DA:280,0
DA:286,0
DA:288,0
DA:289,0
DA:290,0
DA:293,0
DA:299,0
DA:307,0
DA:315,0
DA:325,0
DA:330,0
DA:332,0
DA:333,0
DA:336,0
DA:337,0
DA:338,0
DA:342,0
DA:343,0
DA:344,0
DA:345,0
DA:348,0
DA:349,0
DA:350,0
DA:352,0
DA:357,0
DA:362,0
DA:369,0
DA:371,0
DA:372,0
DA:376,0
DA:381,0
DA:388,0
DA:390,0
DA:391,0
DA:395,0
DA:397,0
DA:398,0
DA:404,0
DA:411,0
DA:413,0
DA:414,0
DA:420,0
DA:427,0
DA:429,0
DA:430,0
DA:436,0
DA:443,0
DA:445,0
DA:446,0
DA:452,0
DA:459,0
DA:463,0
DA:464,0
DA:467,0
DA:468,0
DA:469,0
DA:470,0
DA:475,0
DA:483,0
DA:490,0
DA:492,0
DA:493,0
DA:494,0
DA:495,0
DA:499,0
LF:148
LH:0
end_of_record
SF:lib/data/repositories/game_repository_impl.dart
DA:79,1
DA:118,1
LF:2
LH:2
end_of_record
SF:lib/data/repositories/game_repository_impl/repo_batch_taxonomy.dart
DA:8,0
DA:13,0
DA:21,0
DA:22,0
DA:26,0
DA:27,0
DA:32,0
DA:37,0
DA:45,0
DA:46,0
DA:48,0
DA:49,0
DA:54,0
DA:58,0
DA:63,0
DA:71,0
DA:72,0
DA:76,0
DA:77,0
DA:82,0
DA:84,0
DA:85,0
DA:91,0
DA:98,0
DA:100,0
DA:101,0
DA:102,0
DA:105,0
DA:112,0
DA:114,0
DA:115,0
DA:116,0
DA:117,0
DA:122,0
DA:129,0
DA:131,0
DA:132,0
DA:133,0
DA:134,0
DA:138,0
DA:145,0
DA:147,0
DA:148,0
DA:149,0
DA:152,0
DA:159,0
DA:161,0
DA:162,0
DA:163,0
DA:164,0
DA:168,0
DA:175,0
DA:177,0
DA:178,0
DA:179,0
DA:180,0
DA:184,0
DA:191,0
DA:193,0
DA:194,0
DA:195,0
DA:196,0
DA:200,0
DA:207,0
DA:209,0
DA:210,0
DA:216,0
DA:223,0
DA:227,0
DA:228,0
DA:229,0
DA:230,0
DA:231,0
DA:232,0
DA:237,0
DA:241,0
DA:248,0
DA:251,0
DA:259,0
DA:261,0
DA:262,0
DA:264,0
DA:266,0
DA:268,0
DA:270,0
DA:272,0
DA:276,0
DA:278,0
DA:279,0
DA:284,0
DA:292,0
DA:293,0
DA:294,0
DA:295,0
DA:298,0
DA:301,0
DA:302,0
DA:303,0
DA:307,0
DA:308,0
DA:309,0
DA:313,0
DA:314,0
DA:315,0
DA:318,0
DA:320,0
DA:321,0
DA:326,0
DA:328,0
DA:329,0
DA:334,0
DA:335,0
DA:336,0
DA:339,0
DA:341,0
DA:345,0
DA:351,0
DA:355,0
DA:356,0
DA:357,0
DA:361,0
DA:367,0
DA:371,0
DA:372,0
DA:373,0
DA:377,0
DA:383,0
DA:388,0
DA:389,0
DA:392,0
DA:394,0
DA:395,0
DA:397,0
DA:399,0
DA:401,0
DA:402,0
DA:406,0
DA:411,0
DA:418,0
DA:423,0
DA:424,0
DA:429,0
DA:430,0
DA:431,0
DA:434,0
DA:436,0
DA:440,0
DA:446,0
DA:454,0
DA:459,0
DA:461,0
DA:463,0
DA:467,0
DA:472,0
DA:474,0
DA:475,0
DA:480,0
DA:481,0
DA:482,0
DA:483,0
DA:485,0
DA:489,0
DA:495,0
DA:497,0
DA:498,0
DA:503,0
DA:504,0
DA:506,0
DA:507,0
DA:511,0
DA:513,0
DA:514,0
DA:518,0
DA:519,0
DA:520,0
DA:522,0
DA:524,0
LF:177
LH:0
end_of_record
SF:lib/core/errors/exceptions.dart
DA:3,0
DA:12,0
DA:19,0
DA:26,0
DA:35,0
DA:44,0
DA:53,0
DA:60,0
DA:61,0
LF:9
LH:0
end_of_record
SF:lib/core/services/game_enrichment_service.dart
DA:22,0
DA:46,0
DA:51,0
DA:52,0
DA:56,0
DA:59,0
DA:70,0
DA:71,0
DA:72,0
DA:79,0
DA:81,0
DA:82,0
DA:86,0
DA:88,0
DA:98,0
DA:102,0
DA:104,0
DA:106,0
DA:112,0
DA:114,0
DA:115,0
DA:116,0
DA:117,0
DA:118,0
DA:119,0
DA:120,0
DA:121,0
DA:122,0
DA:123,0
DA:124,0
DA:125,0
DA:129,0
DA:140,0
DA:144,0
DA:146,0
DA:148,0
DA:149,0
DA:150,0
DA:152,0
DA:153,0
DA:154,0
DA:157,0
DA:158,0
DA:159,0
DA:160,0
DA:161,0
DA:162,0
DA:165,0
DA:166,0
DA:169,0
DA:172,0
DA:173,0
DA:174,0
DA:175,0
DA:176,0
DA:177,0
DA:178,0
DA:179,0
DA:180,0
DA:181,0
DA:186,0
DA:188,0
DA:189,0
DA:191,0
DA:192,0
DA:194,0
DA:195,0
DA:200,0
DA:201,0
DA:202,0
DA:210,0
DA:211,0
DA:212,0
DA:215,0
DA:222,0
DA:226,0
DA:227,0
DA:231,0
DA:234,0
DA:235,0
DA:236,0
DA:237,0
DA:238,0
DA:239,0
DA:241,0
DA:245,0
DA:246,0
DA:254,0
DA:255,0
DA:257,0
DA:258,0
DA:259,0
DA:260,0
DA:262,0
DA:263,0
DA:264,0
DA:265,0
DA:266,0
DA:267,0
DA:271,0
LF:100
LH:0
end_of_record
SF:lib/core/utils/json_helpers.dart
DA:24,0
DA:26,0
DA:27,0
DA:28,0
DA:39,0
DA:40,0
DA:41,0
DA:43,0
DA:44,0
DA:45,0
DA:46,0
DA:48,0
DA:61,0
DA:63,0
DA:64,0
DA:65,0
DA:76,0
DA:78,0
DA:79,0
DA:80,0
DA:86,0
DA:88,0
DA:89,0
DA:90,0
DA:96,0
DA:98,0
DA:99,0
DA:100,0
DA:115,0
DA:118,0
DA:119,0
DA:120,0
DA:123,0
DA:141,0
DA:144,0
DA:147,0
DA:148,0
DA:149,0
DA:155,0
DA:163,0
DA:167,0
DA:168,0
DA:169,0
DA:184,0
DA:185,0
DA:186,0
DA:188,0
DA:189,0
DA:190,0
DA:191,0
DA:193,0
DA:197,0
DA:198,0
DA:199,0
DA:201,0
DA:202,0
DA:203,0
DA:204,0
DA:206,0
DA:219,0
DA:220,0
DA:222,0
DA:223,0
DA:225,0
DA:226,0
DA:228,0
DA:229,0
DA:230,0
DA:233,0
DA:236,0
DA:249,0
DA:256,0
DA:259,0
DA:260,0
DA:262,0
DA:266,0
DA:273,0
DA:275,0
DA:276,0
DA:281,0
DA:282,0
DA:285,0
DA:286,0
DA:288,0
DA:289,0
DA:290,0
DA:292,0
LF:87
LH:0
end_of_record
SF:lib/data/datasources/remote/igdb/models/character/character_query_presets.dart
DA:14,0
DA:21,0
DA:27,0
DA:37,0
DA:42,0
DA:52,0
DA:55,0
DA:56,0
DA:63,0
DA:68,0
DA:69,0
DA:82,0
DA:86,0
DA:87,0
DA:88,0
DA:91,0
DA:100,0
DA:104,0
DA:105,0
DA:106,0
DA:109,0
DA:123,0
DA:128,0
DA:129,0
DA:138,0
DA:143,0
DA:144,0
DA:157,0
DA:161,0
DA:162,0
DA:163,0
DA:166,0
DA:176,0
DA:180,0
DA:181,0
DA:182,0
DA:185,0
DA:195,0
DA:200,0
DA:201,0
DA:202,0
DA:205,0
DA:219,0
DA:223,0
DA:224,0
DA:225,0
DA:228,0
DA:238,0
DA:242,0
DA:243,0
DA:244,0
DA:247,0
DA:257,0
DA:261,0
DA:262,0
DA:263,0
DA:266,0
DA:276,0
DA:281,0
DA:282,0
DA:283,0
DA:286,0
DA:300,0
DA:305,0
DA:306,0
LF:65
LH:0
end_of_record
SF:lib/data/datasources/remote/igdb/models/company/company_query_presets.dart
DA:10,0
DA:17,0
DA:23,0
DA:33,0
DA:38,0
DA:48,0
DA:51,0
DA:52,0
DA:59,0
DA:64,0
DA:65,0
DA:78,0
DA:82,0
DA:83,0
DA:84,0
DA:87,0
DA:97,0
DA:101,0
DA:102,0
DA:103,0
DA:106,0
DA:116,0
DA:120,0
DA:121,0
DA:122,0
DA:125,0
DA:139,0
DA:144,0
DA:145,0
DA:158,0
DA:163,0
DA:164,0
LF:32
LH:0
end_of_record
SF:lib/data/datasources/remote/igdb/models/event/event_query_presets.dart
DA:10,0
DA:17,0
DA:23,0
DA:33,0
DA:38,0
DA:48,0
DA:51,0
DA:52,0
DA:59,0
DA:64,0
DA:65,0
DA:78,0
DA:84,0
DA:85,0
DA:86,0
DA:87,0
DA:91,0
DA:101,0
DA:105,0
DA:106,0
DA:107,0
DA:110,0
DA:120,0
DA:125,0
DA:127,0
DA:128,0
DA:129,0
DA:130,0
DA:133,0
DA:143,0
DA:147,0
DA:148,0
DA:149,0
DA:151,0
DA:153,0
DA:163,0
DA:167,0
DA:168,0
DA:169,0
DA:171,0
DA:173,0
DA:187,0
DA:192,0
DA:193,0
DA:206,0
DA:210,0
DA:211,0
DA:212,0
DA:215,0
LF:49
LH:0
end_of_record
SF:lib/data/datasources/remote/igdb/models/game/game_query_presets.dart
DA:13,0
DA:20,0
DA:26,0
DA:36,0
DA:41,0
DA:51,0
DA:54,0
DA:55,0
DA:69,1
DA:74,1
DA:91,1
DA:96,1
DA:97,5
DA:98,5
DA:100,1
DA:102,1
DA:105,2
DA:107,1
DA:110,2
DA:115,0
DA:118,1
DA:119,1
DA:135,0
DA:141,0
DA:143,0
DA:160,0
DA:165,0
DA:166,0
DA:168,0
DA:181,0
DA:185,0
DA:187,0
DA:201,0
DA:211,0
DA:212,0
DA:213,0
DA:216,0
DA:222,0
DA:224,0
DA:234,0
DA:242,0
DA:244,0
DA:247,0
DA:257,0
DA:262,0
DA:263,0
DA:272,0
DA:277,0
DA:278,0
DA:287,0
DA:292,0
DA:293,0
DA:294,0
DA:295,0
DA:298,0
DA:308,0
DA:312,0
DA:313,0
LF:58
LH:13
end_of_record
SF:lib/data/datasources/remote/igdb/models/game_engine/game_engine_query_presets.dart
DA:10,0
DA:17,0
DA:23,0
DA:33,0
DA:38,0
DA:48,0
DA:51,0
DA:52,0
DA:59,0
DA:64,0
DA:65,0
DA:78,0
DA:82,0
DA:83,0
DA:84,0
DA:87,0
DA:101,0
DA:106,0
DA:107,0
DA:120,0
DA:125,0
DA:126,0
LF:22
LH:0
end_of_record
SF:lib/data/datasources/remote/igdb/models/platform/platform_query_presets.dart
DA:10,0
DA:17,0
DA:23,0
DA:33,0
DA:38,0
DA:48,0
DA:51,0
DA:52,0
DA:59,0
DA:64,0
DA:65,0
DA:78,0
DA:82,0
DA:83,0
DA:92,0
DA:96,0
DA:97,0
DA:106,0
DA:110,0
DA:111,0
DA:112,0
DA:115,0
DA:129,0
DA:133,0
DA:134,0
DA:143,0
DA:147,0
DA:148,0
DA:157,0
DA:161,0
DA:162,0
LF:31
LH:0
end_of_record
SF:lib/data/models/ageRating/age_rating_category_model.dart
DA:6,0
DA:15,0
DA:16,0
DA:17,0
DA:18,0
DA:19,0
DA:20,0
DA:21,0
DA:22,0
DA:25,0
DA:26,0
DA:30,0
DA:31,0
DA:32,0
DA:33,0
DA:34,0
DA:39,0
DA:40,0
DA:41,0
DA:42,0
DA:43,0
DA:44,0
DA:45,0
DA:46,0
LF:24
LH:0
end_of_record
SF:lib/data/models/character/character_model.dart
DA:9,0
DA:31,0
DA:36,0
DA:38,0
DA:40,0
DA:41,0
DA:42,0
DA:43,0
DA:44,0
DA:45,0
DA:46,0
DA:47,0
DA:48,0
DA:49,0
DA:50,0
DA:51,0
DA:52,0
DA:53,0
DA:54,0
DA:55,0
DA:56,0
DA:62,0
DA:64,0
DA:65,0
DA:67,0
DA:68,0
DA:69,0
DA:70,0
DA:71,0
DA:74,0
DA:75,0
DA:76,0
DA:77,0
DA:78,0
DA:79,0
DA:80,0
DA:81,0
DA:85,0
DA:86,0
DA:88,0
DA:89,0
DA:91,0
DA:96,0
DA:100,0
DA:101,0
DA:110,0
DA:111,0
DA:112,0
DA:114,0
DA:117,0
DA:118,0
DA:120,0
DA:121,0
DA:122,0
DA:124,0
DA:127,0
DA:128,0
DA:129,0
DA:130,0
DA:131,0
DA:136,0
DA:137,0
DA:138,0
DA:143,0
DA:144,0
DA:145,0
DA:150,0
DA:151,0
DA:152,0
DA:153,0
DA:154,0
DA:155,0
DA:156,0
DA:157,0
DA:158,0
DA:164,0
DA:165,0
DA:166,0
DA:167,0
DA:168,0
DA:169,0
DA:170,0
DA:171,0
DA:172,0
DA:173,0
DA:174,0
DA:175,0
DA:176,0
DA:177,0
DA:178,0
DA:179,0
DA:180,0
DA:181,0
LF:93
LH:0
end_of_record
SF:lib/data/models/collection/collection_model.dart
DA:8,0
DA:23,0
DA:24,0
DA:25,0
DA:26,0
DA:27,0
DA:28,0
DA:29,0
DA:30,0
DA:31,0
DA:32,0
DA:33,0
DA:34,0
DA:35,0
DA:36,0
DA:40,0
DA:41,0
DA:43,0
DA:44,0
DA:45,0
DA:47,0
DA:50,0
DA:51,0
DA:52,0
DA:53,0
DA:54,0
DA:59,0
DA:60,0
DA:61,0
DA:62,0
DA:63,0
DA:64,0
DA:65,0
DA:66,0
DA:67,0
DA:68,0
DA:69,0
DA:70,0
DA:71,0
LF:39
LH:0
end_of_record
SF:lib/data/models/company/company_model.dart
DA:12,1
DA:38,0
DA:39,0
DA:40,0
DA:41,0
DA:42,0
DA:43,0
DA:44,0
DA:45,0
DA:46,0
DA:47,0
DA:48,0
DA:49,0
DA:51,0
DA:52,0
DA:53,0
DA:54,0
DA:55,0
DA:56,0
DA:57,0
DA:58,0
DA:59,0
DA:60,0
DA:61,0
DA:62,0
DA:63,0
DA:67,0
DA:68,0
DA:70,0
DA:71,0
DA:72,0
DA:74,0
DA:77,0
DA:78,0
DA:80,0
DA:81,0
DA:82,0
DA:84,0
DA:88,0
DA:89,0
DA:91,0
DA:100,0
DA:101,0
DA:103,0
DA:104,0
DA:110,0
DA:111,0
DA:114,0
DA:115,0
DA:118,0
DA:127,0
DA:128,0
DA:129,0
DA:130,0
DA:131,0
DA:136,0
DA:137,0
DA:138,0
DA:143,0
DA:144,0
DA:145,0
DA:146,0
DA:147,0
DA:148,0
DA:149,0
DA:150,0
DA:151,0
DA:152,0
DA:153,0
DA:154,0
DA:155,0
DA:156,0
DA:157,0
DA:158,0
DA:159,0
DA:160,0
DA:161,0
DA:162,0
DA:163,0
DA:164,0
DA:165,0
DA:166,0
LF:82
LH:1
end_of_record
SF:lib/data/models/event/event_model.dart
DA:17,0
DA:46,0
DA:58,0
DA:63,0
DA:64,0
DA:65,0
DA:74,0
DA:75,0
DA:76,0
DA:77,0
DA:82,0
DA:92,0
DA:105,0
DA:114,0
DA:125,0
DA:126,0
DA:127,0
DA:128,0
DA:129,0
DA:130,0
DA:131,0
DA:132,0
DA:133,0
DA:134,0
DA:135,0
DA:136,0
DA:139,0
DA:140,0
DA:141,0
DA:142,0
DA:143,0
DA:146,0
DA:147,0
DA:148,0
DA:149,0
DA:157,0
DA:158,0
DA:159,0
DA:160,0
DA:164,0
DA:165,0
DA:169,0
DA:170,0
DA:171,0
DA:172,0
DA:173,0
DA:178,0
DA:179,0
DA:181,0
DA:182,0
DA:183,0
DA:185,0
DA:193,0
DA:194,0
DA:196,0
DA:205,0
DA:206,0
DA:208,0
DA:209,0
DA:211,0
DA:216,0
DA:217,0
DA:218,0
DA:220,0
DA:224,0
DA:225,0
DA:227,0
DA:228,0
DA:230,0
DA:235,0
DA:236,0
DA:237,0
DA:239,0
DA:243,0
DA:244,0
DA:246,0
DA:247,0
DA:249,0
DA:254,0
DA:255,0
DA:256,0
DA:258,0
DA:265,0
DA:266,0
DA:267,0
DA:268,0
DA:269,0
DA:270,0
DA:271,0
DA:272,0
DA:273,0
DA:274,0
DA:275,0
DA:276,0
DA:277,0
DA:280,0
DA:281,0
DA:282,0
DA:283,0
DA:284,0
DA:285,0
DA:286,0
DA:290,0
DA:291,0
DA:292,0
DA:293,0
DA:294,0
DA:295,0
DA:296,0
DA:297,0
DA:298,0
DA:303,0
DA:305,0
DA:306,0
DA:307,0
DA:308,0
DA:309,0
DA:310,0
DA:311,0
DA:314,0
DA:316,0
DA:317,0
DA:318,0
DA:319,0
DA:320,0
DA:321,0
DA:324,0
DA:327,0
DA:328,0
DA:329,0
DA:330,0
LF:131
LH:0
end_of_record
SF:lib/data/models/franchise_model.dart
DA:7,0
DA:19,0
DA:20,0
DA:21,0
DA:22,0
DA:23,0
DA:24,0
DA:25,0
DA:26,0
DA:27,0
DA:28,0
DA:29,0
DA:33,0
DA:34,0
DA:36,0
DA:37,0
DA:38,0
DA:40,0
DA:43,0
DA:44,0
DA:45,0
DA:46,0
DA:47,0
DA:52,0
DA:53,0
DA:54,0
DA:55,0
DA:56,0
DA:57,0
DA:58,0
DA:59,0
DA:60,0
DA:61,0
LF:33
LH:0
end_of_record
SF:lib/data/models/game/game_engine_model.dart
DA:15,0
DA:32,0
DA:36,0
DA:37,0
DA:39,0
DA:45,0
DA:46,0
DA:47,0
DA:48,0
DA:50,0
DA:51,0
DA:58,0
DA:59,0
DA:60,0
DA:61,0
DA:63,0
DA:64,0
DA:70,0
DA:71,0
DA:72,0
DA:73,0
DA:74,0
DA:75,0
DA:77,0
DA:78,0
DA:79,0
DA:80,0
DA:83,0
DA:84,0
DA:92,0
DA:93,0
DA:94,0
DA:95,0
DA:99,0
DA:100,0
DA:105,0
DA:106,0
DA:108,0
DA:109,0
DA:114,0
DA:115,0
DA:117,0
DA:118,0
DA:119,0
DA:121,0
DA:124,0
DA:125,0
DA:126,0
DA:127,0
DA:128,0
DA:133,0
DA:134,0
DA:135,0
DA:136,0
DA:137,0
DA:138,0
DA:139,0
DA:140,0
DA:141,0
DA:142,0
DA:143,0
DA:144,0
DA:145,0
LF:63
LH:0
end_of_record
SF:lib/data/models/game/game_mode_model.dart
DA:5,0
DA:15,0
DA:16,0
DA:17,0
DA:18,0
DA:19,0
DA:20,0
DA:21,0
DA:22,0
DA:23,0
DA:27,0
DA:28,0
DA:29,0
DA:30,0
DA:31,0
DA:36,0
DA:37,0
DA:38,0
DA:39,0
DA:40,0
DA:41,0
DA:42,0
DA:43,0
DA:44,0
LF:24
LH:0
end_of_record
SF:lib/data/models/game/game_status_model.dart
DA:7,0
DA:16,0
DA:17,0
DA:18,0
DA:19,0
DA:20,0
DA:21,0
DA:22,0
DA:23,0
DA:27,0
DA:28,0
DA:29,0
DA:33,0
DA:34,0
DA:35,0
DA:36,0
DA:37,0
DA:38,0
DA:39,0
LF:19
LH:0
end_of_record
SF:lib/data/models/game/game_type_model.dart
DA:7,0
DA:15,0
DA:16,0
DA:17,0
DA:18,0
DA:19,0
DA:20,0
DA:21,0
DA:25,0
DA:26,0
DA:27,0
DA:31,0
DA:32,0
DA:33,0
DA:34,0
DA:35,0
DA:36,0
LF:17
LH:0
end_of_record
SF:lib/data/models/genre_model.dart
DA:5,0
DA:15,0
DA:16,0
DA:17,0
DA:18,0
DA:19,0
DA:20,0
DA:21,0
DA:22,0
DA:23,0
DA:27,0
DA:28,0
DA:29,0
DA:30,0
DA:31,0
DA:36,0
DA:37,0
DA:38,0
DA:39,0
DA:40,0
DA:41,0
DA:42,0
DA:43,0
DA:44,0
LF:24
LH:0
end_of_record
SF:lib/data/models/keyword_model.dart
DA:5,0
DA:15,0
DA:16,0
DA:17,0
DA:18,0
DA:19,0
DA:20,0
DA:21,0
DA:22,0
DA:23,0
DA:27,0
DA:28,0
DA:29,0
DA:30,0
DA:31,0
DA:36,0
DA:37,0
DA:38,0
DA:39,0
DA:40,0
DA:41,0
DA:42,0
DA:43,0
DA:44,0
LF:24
LH:0
end_of_record
SF:lib/data/models/language/lanuage_model.dart
DA:5,1
DA:15,0
DA:16,0
DA:17,0
DA:18,0
DA:19,0
DA:20,0
DA:21,0
DA:22,0
DA:23,0
DA:27,0
DA:28,0
DA:29,0
DA:30,0
DA:31,0
DA:36,0
DA:37,0
DA:38,0
DA:39,0
DA:40,0
DA:41,0
DA:42,0
DA:43,0
DA:44,0
DA:49,0
DA:57,0
DA:65,0
DA:73,0
DA:81,0
LF:29
LH:1
end_of_record
SF:lib/data/models/multiplayer_mode_model.dart
DA:5,0
DA:20,0
DA:22,0
DA:23,0
DA:25,0
DA:26,0
DA:27,0
DA:28,0
DA:29,0
DA:30,0
DA:31,0
DA:34,0
DA:35,0
DA:36,0
DA:37,0
DA:45,0
DA:46,0
DA:47,0
DA:48,0
DA:49,0
DA:53,0
DA:54,0
DA:55,0
DA:56,0
DA:60,0
DA:61,0
DA:62,0
DA:63,0
DA:64,0
DA:65,0
DA:66,0
DA:67,0
DA:68,0
DA:69,0
DA:70,0
DA:71,0
DA:72,0
DA:73,0
LF:38
LH:0
end_of_record
SF:lib/data/models/platform/platform_model.dart
DA:11,0
DA:33,0
DA:37,0
DA:38,0
DA:41,0
DA:46,0
DA:47,0
DA:48,0
DA:49,0
DA:50,0
DA:51,0
DA:52,0
DA:53,0
DA:54,0
DA:55,0
DA:57,0
DA:58,0
DA:59,0
DA:60,0
DA:61,0
DA:62,0
DA:63,0
DA:64,0
DA:65,0
DA:73,0
DA:74,0
DA:76,0
DA:77,0
DA:82,0
DA:83,0
DA:85,0
DA:86,0
DA:87,0
DA:89,0
DA:92,0
DA:93,0
DA:94,0
DA:95,0
DA:96,0
DA:101,0
DA:102,0
DA:106,0
DA:108,0
DA:110,0
DA:112,0
DA:114,0
DA:116,0
DA:128,0
DA:129,0
DA:130,0
DA:131,0
DA:132,0
DA:133,0
DA:134,0
DA:135,0
DA:136,0
DA:137,0
DA:138,0
DA:139,0
DA:140,0
DA:141,0
DA:142,0
DA:143,0
DA:144,0
DA:146,0
LF:65
LH:0
end_of_record
SF:lib/data/models/player_perspective_model.dart
DA:5,0
DA:11,0
DA:12,0
DA:13,0
DA:14,0
DA:15,0
DA:16,0
LF:7
LH:0
end_of_record
SF:lib/data/models/theme_model.dart
DA:5,0
DA:15,0
DA:16,0
DA:17,0
DA:18,0
DA:19,0
DA:20,0
DA:21,0
DA:22,0
DA:23,0
DA:27,0
DA:28,0
DA:29,0
DA:30,0
DA:31,0
DA:36,0
DA:37,0
DA:38,0
DA:39,0
DA:40,0
DA:41,0
DA:42,0
DA:43,0
DA:44,0
LF:24
LH:0
end_of_record
SF:lib/data/datasources/remote/igdb/models/base/igdb_query.dart
DA:30,1
DA:65,0
DA:66,0
DA:69,0
DA:70,0
DA:74,0
DA:78,0
DA:79,0
DA:83,0
DA:86,0
DA:89,0
DA:90,0
DA:94,0
DA:95,0
DA:98,0
DA:102,0
DA:111,0
DA:112,0
DA:113,0
DA:114,0
DA:115,0
DA:116,0
DA:117,0
DA:118,0
DA:123,0
DA:124,0
DA:128,0
DA:129,0
DA:130,0
DA:134,0
DA:135,0
DA:138,0
DA:140,0
DA:142,0
DA:143,0
DA:174,0
DA:177,0
DA:178,0
DA:179,0
DA:180,0
DA:181,0
DA:182,0
DA:183,0
DA:184,0
DA:193,0
DA:194,0
DA:198,0
DA:199,0
DA:203,0
DA:204,0
DA:208,0
DA:209,0
DA:213,0
DA:214,0
DA:218,0
DA:219,0
DA:223,0
DA:224,0
DA:229,0
DA:230,0
DA:231,0
DA:232,0
DA:233,0
DA:234,0
DA:235,0
DA:236,0
DA:237,0
LF:67
LH:1
end_of_record
SF:lib/data/datasources/remote/igdb/models/igdb_filters.dart
DA:10,1
DA:15,0
DA:16,0
DA:29,1
DA:34,0
DA:37,0
DA:39,0
DA:40,0
DA:42,0
DA:44,0
DA:47,0
DA:48,0
DA:61,1
DA:65,0
DA:67,0
DA:68,0
DA:70,0
DA:71,0
DA:74,0
DA:75,0
DA:86,0
DA:90,0
DA:92,0
DA:93,0
DA:95,0
DA:96,0
DA:99,0
DA:100,0
DA:111,0
DA:115,0
DA:117,0
DA:118,0
DA:120,0
DA:121,0
DA:124,0
DA:125,0
DA:139,1
DA:143,0
DA:145,0
DA:148,0
DA:149,0
DA:165,1
DA:169,0
DA:171,0
DA:172,0
DA:174,0
DA:175,0
DA:177,0
DA:180,0
DA:181,0
DA:192,0
DA:195,0
DA:196,0
DA:198,0
DA:199,0
DA:215,0
DA:216,0
DA:219,0
DA:220,0
DA:223,0
DA:224,0
DA:230,0
DA:231,0
DA:234,0
DA:235,0
DA:240,0
DA:241,0
DA:249,0
DA:250,0
DA:253,0
DA:254,0
DA:257,0
DA:258,0
DA:261,0
DA:262,0
DA:268,0
DA:271,0
DA:272,0
DA:275,0
DA:278,0
DA:279,0
DA:282,0
DA:283,0
DA:289,0
DA:290,0
DA:293,0
DA:294,0
DA:297,0
DA:298,0
DA:299,0
DA:303,0
DA:304,0
DA:310,0
DA:311,0
DA:314,0
DA:315,0
DA:318,0
DA:319,0
DA:320,0
DA:321,0
DA:325,0
DA:326,0
DA:327,0
DA:328,0
DA:352,0
DA:353,0
DA:356,0
DA:359,0
DA:362,0
DA:375,0
DA:378,0
DA:384,0
DA:387,0
DA:388,0
DA:395,0
DA:396,0
DA:402,0
DA:403,0
DA:423,0
DA:427,0
DA:428,0
DA:432,0
DA:433,0
DA:438,0
DA:439,0
DA:443,0
DA:444,0
DA:449,0
DA:450,0
DA:454,0
DA:455,0
DA:459,0
DA:460,0
DA:465,0
DA:466,0
DA:470,0
DA:471,0
DA:475,0
DA:476,0
DA:480,0
DA:481,0
DA:486,0
DA:487,0
DA:491,0
DA:492,0
DA:496,0
DA:497,0
DA:502,0
DA:503,0
DA:508,0
DA:509,0
DA:513,0
DA:514,0
DA:518,0
DA:519,0
DA:524,0
DA:525,0
DA:530,0
DA:531,0
DA:532,0
DA:533,0
LF:161
LH:5
end_of_record
SF:lib/data/datasources/remote/igdb/models/character/character_field_sets.dart
DA:8,0
LF:1
LH:0
end_of_record
SF:lib/data/datasources/remote/igdb/models/character/character_filters.dart
DA:12,0
DA:19,0
DA:22,0
DA:23,0
DA:31,0
DA:32,0
DA:35,0
DA:38,0
DA:41,0
DA:49,0
DA:50,0
DA:53,0
DA:56,0
DA:59,0
DA:62,0
DA:65,0
DA:66,0
DA:73,0
DA:74,0
DA:77,0
DA:78,0
DA:85,0
DA:88,0
DA:92,0
DA:106,0
DA:110,0
DA:111,0
DA:115,0
DA:116,0
DA:121,0
DA:122,0
DA:126,0
DA:127,0
DA:131,0
DA:132,0
DA:137,0
DA:138,0
DA:142,0
DA:143,0
DA:148,0
DA:149,0
DA:153,0
DA:154,0
DA:158,0
DA:159,0
DA:164,0
DA:165,0
DA:169,0
DA:170,0
DA:175,0
DA:176,0
DA:181,0
DA:182,0
DA:183,0
DA:184,0
LF:55
LH:0
end_of_record
SF:lib/data/datasources/remote/igdb/models/company/company_field_sets.dart
DA:5,0
LF:1
LH:0
end_of_record
SF:lib/data/datasources/remote/igdb/models/company/company_filters.dart
DA:7,0
DA:14,0
DA:18,0
DA:22,0
DA:25,0
DA:32,0
DA:33,0
DA:36,0
DA:39,0
DA:47,0
DA:48,0
DA:55,0
DA:56,0
DA:59,0
DA:60,0
DA:67,0
DA:68,0
DA:75,0
DA:78,0
DA:85,0
DA:86,0
DA:91,0
DA:95,0
DA:96,0
DA:100,0
DA:101,0
DA:106,0
DA:107,0
DA:111,0
DA:112,0
DA:117,0
DA:118,0
DA:123,0
DA:124,0
DA:128,0
DA:129,0
DA:134,0
DA:135,0
DA:139,0
DA:140,0
DA:145,0
DA:146,0
DA:151,0
DA:152,0
DA:157,0
DA:158,0
DA:159,0
DA:160,0
LF:48
LH:0
end_of_record
SF:lib/data/datasources/remote/igdb/models/event/event_field_sets.dart
DA:5,0
LF:1
LH:0
end_of_record
SF:lib/data/datasources/remote/igdb/models/event/event_filters.dart
DA:7,0
DA:14,0
DA:15,0
DA:18,0
DA:19,0
DA:22,0
DA:23,0
DA:26,0
DA:27,0
DA:30,0
DA:31,0
DA:32,0
DA:36,0
DA:39,0
DA:40,0
DA:41,0
DA:42,0
DA:43,0
DA:48,0
DA:55,0
DA:58,0
DA:59,0
DA:66,0
DA:67,0
DA:74,0
DA:77,0
DA:81,0
DA:85,0
DA:88,0
DA:94,0
DA:95,0
DA:100,0
DA:104,0
DA:105,0
DA:109,0
DA:110,0
DA:114,0
DA:115,0
DA:119,0
DA:120,0
DA:124,0
DA:125,0
DA:129,0
DA:130,0
DA:134,0
DA:135,0
DA:140,0
DA:141,0
DA:145,0
DA:146,0
DA:151,0
DA:152,0
DA:156,0
DA:157,0
DA:161,0
DA:162,0
DA:166,0
DA:167,0
DA:171,0
DA:172,0
DA:177,0
DA:178,0
DA:183,0
DA:184,0
DA:189,0
DA:190,0
DA:191,0
DA:192,0
LF:68
LH:0
end_of_record
SF:lib/data/datasources/remote/igdb/models/game/game_field_sets.dart
DA:8,0
LF:1
LH:0
end_of_record
SF:lib/data/datasources/remote/igdb/models/game/game_filters.dart
DA:10,0
DA:17,0
DA:18,0
DA:21,0
DA:22,0
DA:25,0
DA:26,0
DA:33,0
DA:34,0
DA:37,0
DA:38,0
DA:43,0
DA:44,0
DA:53,0
DA:54,0
DA:57,0
DA:58,0
DA:61,0
DA:62,0
DA:65,0
DA:66,0
DA:73,0
DA:76,0
DA:77,0
DA:80,0
DA:83,0
DA:84,0
DA:87,0
DA:88,0
DA:96,0
DA:97,0
DA:101,0
DA:102,0
DA:105,0
DA:106,0
DA:107,0
DA:111,0
DA:112,0
DA:119,0
DA:120,0
DA:123,0
DA:124,0
DA:127,0
DA:128,0
DA:129,0
DA:130,0
DA:134,0
DA:135,0
DA:136,0
DA:137,0
DA:162,0
DA:163,0
DA:166,0
DA:169,0
DA:172,0
DA:185,0
DA:188,0
DA:195,0
DA:198,0
DA:199,0
DA:207,0
DA:208,0
DA:215,0
DA:216,0
DA:232,0
DA:236,0
DA:237,0
DA:241,0
DA:242,0
DA:247,0
DA:248,0
DA:252,0
DA:253,0
DA:258,0
DA:259,0
DA:263,0
DA:264,0
DA:268,0
DA:269,0
DA:274,0
DA:275,0
DA:279,0
DA:280,0
DA:284,0
DA:285,0
DA:289,0
DA:290,0
DA:295,0
DA:296,0
DA:300,0
DA:301,0
DA:305,0
DA:306,0
DA:311,0
DA:312,0
DA:317,0
DA:318,0
DA:322,0
DA:323,0
DA:327,0
DA:328,0
DA:333,0
DA:334,0
DA:339,0
DA:340,0
DA:341,0
DA:342,0
LF:107
LH:0
end_of_record
SF:lib/data/datasources/remote/igdb/models/game_engine/game_engine_field_sets.dart
DA:5,0
LF:1
LH:0
end_of_record
SF:lib/data/datasources/remote/igdb/models/game_engine/game_engine_filters.dart
DA:7,0
DA:14,0
DA:15,0
DA:18,0
DA:19,0
DA:26,0
DA:27,0
DA:30,0
DA:31,0
DA:38,0
DA:39,0
DA:46,0
DA:49,0
DA:53,0
DA:56,0
DA:60,0
DA:66,0
DA:70,0
DA:71,0
DA:75,0
DA:76,0
DA:81,0
DA:82,0
DA:86,0
DA:87,0
DA:92,0
DA:93,0
DA:97,0
DA:98,0
DA:102,0
DA:103,0
DA:107,0
DA:108,0
DA:112,0
DA:113,0
DA:118,0
DA:119,0
DA:124,0
DA:125,0
DA:130,0
DA:131,0
DA:132,0
DA:133,0
LF:43
LH:0
end_of_record
SF:lib/data/datasources/remote/igdb/models/platform/platform_field_sets.dart
DA:5,0
LF:1
LH:0
end_of_record
SF:lib/data/datasources/remote/igdb/models/platform/platform_filters.dart
DA:7,0
DA:22,0
DA:23,0
DA:26,0
DA:29,0
DA:32,0
DA:35,0
DA:38,0
DA:45,0
DA:46,0
DA:49,0
DA:52,0
DA:59,0
DA:60,0
DA:63,0
DA:66,0
DA:69,0
DA:76,0
DA:77,0
DA:84,0
DA:88,0
DA:93,0
DA:97,0
DA:98,0
DA:102,0
DA:103,0
DA:107,0
DA:108,0
DA:113,0
DA:114,0
DA:118,0
DA:119,0
DA:124,0
DA:125,0
DA:129,0
DA:130,0
DA:134,0
DA:135,0
DA:139,0
DA:140,0
DA:145,0
DA:146,0
DA:151,0
DA:152,0
DA:157,0
DA:158,0
DA:163,0
DA:164,0
DA:165,0
DA:166,0
LF:50
LH:0
end_of_record
SF:lib/data/models/ageRating/age_rating_organization_model.dart
DA:5,0
DA:13,0
DA:14,0
DA:15,0
DA:16,0
DA:17,0
DA:18,0
DA:19,0
DA:23,0
DA:24,0
DA:25,0
DA:26,0
DA:27,0
DA:32,0
DA:33,0
DA:34,0
DA:35,0
DA:36,0
DA:37,0
DA:38,0
LF:20
LH:0
end_of_record
SF:lib/data/models/ageRating/age_rating_model.dart
DA:10,0
DA:25,0
DA:26,0
DA:27,0
DA:28,0
DA:29,0
DA:30,0
DA:31,0
DA:32,0
DA:33,0
DA:35,0
DA:36,0
DA:37,0
DA:38,0
DA:39,0
DA:42,0
DA:43,0
DA:45,0
DA:46,0
DA:52,0
DA:53,0
DA:55,0
DA:64,0
DA:65,0
DA:67,0
DA:76,0
DA:77,0
DA:78,0
DA:83,0
DA:84,0
DA:86,0
DA:87,0
DA:88,0
DA:90,0
DA:93,0
DA:94,0
DA:95,0
DA:100,0
DA:101,0
DA:102,0
DA:107,0
DA:108,0
DA:109,0
DA:110,0
DA:111,0
DA:112,0
DA:113,0
DA:114,0
DA:115,0
DA:116,0
DA:117,0
DA:118,0
LF:52
LH:0
end_of_record
SF:lib/data/models/ageRating/age_rating_organization.dart
DA:6,0
DA:14,0
DA:15,0
DA:16,0
DA:17,0
DA:18,0
DA:19,0
DA:20,0
DA:24,0
DA:25,0
DA:26,0
DA:27,0
DA:28,0
DA:33,0
DA:34,0
DA:35,0
DA:36,0
DA:37,0
DA:38,0
DA:39,0
LF:20
LH:0
end_of_record
SF:lib/data/models/artwork_model.dart
DA:5,0
DA:17,0
DA:18,0
DA:19,0
DA:20,0
DA:21,0
DA:22,0
DA:23,0
DA:24,0
DA:25,0
DA:26,0
DA:27,0
DA:31,0
DA:32,0
DA:33,0
DA:34,0
DA:35,0
DA:36,0
DA:37,0
DA:38,0
DA:39,0
DA:40,0
DA:41,0
LF:23
LH:0
end_of_record
SF:lib/data/models/company/company_model_logo.dart
DA:6,0
DA:18,0
DA:28,0
DA:37,0
DA:41,0
DA:42,0
DA:43,0
DA:44,0
DA:45,0
DA:46,0
DA:47,0
DA:48,0
DA:49,0
DA:50,0
DA:54,0
DA:55,0
DA:56,0
DA:57,0
DA:58,0
DA:59,0
DA:60,0
DA:61,0
DA:62,0
DA:63,0
LF:24
LH:0
end_of_record
SF:lib/data/models/website/website_model.dart
DA:10,0
DA:17,0
DA:22,0
DA:29,0
DA:30,0
DA:31,0
DA:32,0
DA:33,0
DA:37,0
DA:38,0
DA:40,0
DA:41,0
DA:43,0
DA:44,0
DA:56,0
DA:57,0
DA:58,0
DA:59,0
DA:60,0
DA:61,0
LF:20
LH:0
end_of_record
SF:lib/data/models/event/event_logo_model.dart
DA:9,0
DA:24,0
DA:37,0
DA:47,0
DA:53,0
DA:54,0
DA:55,0
DA:56,0
DA:57,0
DA:58,0
DA:59,0
DA:60,0
DA:61,0
DA:62,0
DA:63,0
DA:64,0
DA:65,0
DA:70,0
DA:71,0
DA:72,0
DA:76,0
DA:77,0
DA:81,0
DA:82,0
DA:83,0
DA:87,0
DA:88,0
DA:89,0
DA:90,0
DA:94,0
DA:95,0
DA:96,0
DA:97,0
DA:98,0
DA:103,0
DA:104,0
DA:105,0
DA:106,0
DA:107,0
DA:108,0
DA:109,0
DA:110,0
DA:111,0
DA:112,0
DA:113,0
DA:114,0
DA:115,0
LF:47
LH:0
end_of_record
SF:lib/data/models/event/event_network_model.dart
DA:11,0
DA:22,0
DA:23,0
DA:24,0
DA:25,0
DA:26,0
DA:27,0
DA:28,0
DA:29,0
DA:30,0
DA:31,0
DA:36,0
DA:37,0
DA:38,0
DA:39,0
DA:43,0
DA:44,0
DA:48,0
DA:49,0
DA:50,0
DA:51,0
DA:52,0
DA:57,0
DA:58,0
DA:60,0
DA:68,0
DA:69,0
DA:70,0
DA:71,0
DA:72,0
DA:73,0
DA:74,0
DA:75,0
DA:76,0
DA:77,0
DA:78,0
DA:80,0
DA:81,0
DA:82,0
LF:39
LH:0
end_of_record
SF:lib/data/models/game/game_video_model.dart
DA:8,0
DA:15,0
DA:16,0
DA:17,0
DA:24,0
DA:25,0
DA:26,0
DA:27,0
DA:28,0
DA:33,0
DA:34,0
DA:35,0
DA:36,0
DA:37,0
DA:38,0
DA:43,0
DA:44,0
DA:47,0
DA:49,0
DA:52,0
DA:55,0
DA:58,0
DA:61,0
DA:63,0
DA:64,0
DA:65,0
DA:66,0
DA:67,0
DA:70,0
DA:71,0
DA:72,0
DA:73,0
DA:82,0
DA:87,0
DA:88,0
DA:89,0
DA:90,0
LF:37
LH:0
end_of_record
SF:lib/data/models/event/network_type_model.dart
DA:9,0
DA:18,0
DA:19,0
DA:20,0
DA:21,0
DA:22,0
DA:23,0
DA:24,0
DA:25,0
DA:30,0
DA:31,0
DA:32,0
DA:36,0
DA:37,0
DA:41,0
DA:42,0
DA:44,0
DA:45,0
DA:46,0
DA:48,0
DA:51,0
DA:52,0
DA:53,0
DA:54,0
DA:55,0
DA:60,0
DA:61,0
DA:62,0
DA:63,0
DA:64,0
DA:65,0
DA:66,0
DA:67,0
LF:33
LH:0
end_of_record
SF:lib/data/models/externalGame/external_game_model.dart
DA:7,0
DA:26,0
DA:27,0
DA:30,0
DA:31,0
DA:33,0
DA:34,0
DA:35,0
DA:36,0
DA:37,0
DA:38,0
DA:41,0
DA:42,0
DA:43,0
DA:44,0
DA:45,0
DA:46,0
DA:47,0
DA:49,0
DA:51,0
DA:53,0
DA:57,0
DA:58,0
DA:59,0
DA:61,0
DA:64,0
DA:65,0
DA:66,0
DA:71,0
DA:72,0
DA:73,0
DA:78,0
DA:79,0
DA:80,0
DA:81,0
DA:82,0
DA:83,0
DA:84,0
DA:85,0
DA:86,0
DA:87,0
DA:88,0
DA:89,0
DA:90,0
DA:91,0
DA:92,0
DA:93,0
DA:94,0
DA:101,0
DA:108,0
DA:115,0
DA:124,0
DA:145,0
DA:146,0
DA:148,0
DA:149,0
DA:150,0
DA:151,0
DA:152,0
DA:153,0
DA:155,0
DA:156,0
DA:157,0
DA:158,0
DA:159,0
DA:160,0
DA:161,0
DA:163,0
DA:165,0
DA:167,0
DA:169,0
DA:171,0
DA:173,0
LF:73
LH:0
end_of_record
SF:lib/data/models/game/game_engine_logo_model.dart
DA:5,0
DA:17,0
DA:27,0
DA:36,0
DA:40,0
DA:41,0
DA:45,0
DA:46,0
DA:50,0
DA:51,0
DA:54,0
DA:55,0
DA:56,0
DA:58,0
DA:59,0
DA:60,0
DA:61,0
DA:66,0
DA:67,0
DA:69,0
DA:70,0
DA:72,0
DA:73,0
DA:74,0
DA:80,0
DA:81,0
DA:82,0
DA:83,0
DA:84,0
DA:85,0
DA:86,0
DA:87,0
DA:88,0
DA:89,0
LF:34
LH:0
end_of_record
SF:lib/data/models/game/game_localization_model.dart
DA:6,0
DA:12,0
DA:13,0
DA:14,0
DA:15,0
DA:16,0
DA:20,0
DA:21,0
DA:23,0
DA:25,0
DA:27,0
DA:29,0
DA:31,0
DA:33,0
DA:35,0
DA:37,0
DA:39,0
DA:41,0
LF:18
LH:0
end_of_record
SF:lib/data/models/involved_company_model.dart
DA:7,0
DA:16,0
DA:18,0
DA:19,0
DA:20,0
DA:21,0
DA:22,0
DA:23,0
DA:24,0
DA:32,0
DA:33,0
DA:34,0
DA:35,0
DA:39,0
DA:40,0
DA:41,0
DA:42,0
DA:46,0
DA:49,0
DA:53,0
DA:55,0
DA:57,0
DA:62,0
DA:63,0
DA:65,0
DA:71,0
DA:75,0
DA:83,0
DA:84,0
DA:85,0
DA:86,0
DA:87,0
DA:88,0
DA:89,0
DA:91,0
DA:92,0
DA:93,0
DA:94,0
LF:38
LH:0
end_of_record
SF:lib/data/models/language/language_support_model.dart
DA:9,0
DA:21,0
DA:22,0
DA:23,0
DA:24,0
DA:25,0
DA:26,0
DA:27,0
DA:28,0
DA:30,0
DA:31,0
DA:32,0
DA:33,0
DA:37,0
DA:38,0
DA:39,0
DA:44,0
DA:45,0
DA:46,0
DA:51,0
DA:52,0
DA:53,0
DA:54,0
DA:55,0
DA:60,0
DA:61,0
DA:62,0
DA:63,0
DA:64,0
DA:65,0
DA:66,0
DA:67,0
DA:68,0
DA:75,0
DA:76,0
DA:77,0
DA:78,0
DA:79,0
DA:80,0
DA:81,0
DA:88,0
DA:89,0
DA:90,0
DA:91,0
DA:92,0
LF:45
LH:0
end_of_record
SF:lib/data/models/release_date/release_date_model.dart
DA:6,0
DA:25,0
DA:34,0
DA:39,0
DA:40,0
DA:49,0
DA:58,0
DA:71,0
DA:83,0
DA:85,0
DA:87,0
DA:89,0
DA:95,0
DA:99,0
DA:108,0
DA:115,0
DA:126,0
DA:127,0
DA:128,0
DA:129,0
DA:130,0
DA:131,0
DA:132,0
DA:133,0
DA:134,0
DA:135,0
DA:137,0
DA:138,0
DA:139,0
DA:140,0
DA:141,0
DA:142,0
DA:143,0
DA:148,0
DA:150,0
DA:151,0
DA:152,0
DA:157,0
DA:158,0
DA:159,0
DA:160,0
DA:161,0
DA:166,0
DA:167,0
DA:168,0
DA:173,0
DA:174,0
DA:175,0
DA:180,0
DA:181,0
DA:182,0
DA:183,0
DA:184,0
DA:185,0
DA:186,0
DA:187,0
DA:188,0
DA:189,0
DA:190,0
DA:191,0
DA:192,0
DA:193,0
DA:194,0
DA:195,0
DA:196,0
LF:65
LH:0
end_of_record
SF:lib/data/models/screenshot_model.dart
DA:5,0
DA:17,0
DA:18,0
DA:19,0
DA:20,0
DA:21,0
DA:22,0
DA:23,0
DA:24,0
DA:25,0
DA:26,0
DA:27,0
DA:31,0
DA:32,0
DA:33,0
DA:34,0
DA:35,0
DA:36,0
DA:37,0
DA:38,0
DA:39,0
DA:40,0
DA:41,0
LF:23
LH:0
end_of_record
SF:lib/data/models/language/language_support_type_model.dart
DA:5,1
DA:13,0
DA:14,0
DA:15,0
DA:16,0
DA:17,0
DA:18,0
DA:19,0
DA:23,0
DA:24,0
DA:25,0
DA:26,0
DA:27,0
DA:32,0
DA:33,0
DA:34,0
DA:35,0
DA:36,0
DA:37,0
DA:38,0
DA:43,0
DA:49,0
DA:55,0
DA:61,0
LF:24
LH:1
end_of_record
SF:lib/data/models/platform/platform_logo_model.dart
DA:5,0
DA:16,0
DA:17,0
DA:18,0
DA:19,0
DA:20,0
DA:21,0
DA:22,0
DA:23,0
DA:24,0
DA:25,0
DA:29,0
DA:30,0
DA:31,0
DA:32,0
DA:33,0
DA:34,0
DA:35,0
DA:36,0
DA:37,0
DA:38,0
LF:21
LH:0
end_of_record
SF:lib/data/models/website/website_type_model.dart
DA:5,1
DA:14,0
DA:15,0
DA:16,0
DA:18,0
DA:22,0
DA:23,0
DA:24,0
DA:25,0
DA:26,0
DA:27,0
DA:28,0
DA:32,0
DA:33,0
DA:34,0
DA:35,0
DA:36,0
DA:41,0
DA:42,0
DA:43,0
DA:44,0
DA:45,0
DA:46,0
DA:47,0
LF:24
LH:1
end_of_record
SF:lib/domain/entities/game/game_media_collection.dart
DA:10,0
DA:22,0
DA:23,0
DA:24,0
DA:25,0
DA:27,0
DA:28,0
DA:30,0
DA:31,0
LF:9
LH:0
end_of_record
SF:lib/domain/entities/game/game_sort_options.dart
DA:18,0
DA:20,0
DA:22,0
DA:24,0
DA:26,0
DA:28,0
DA:30,0
DA:32,0
DA:45,0
DA:47,0
DA:49,0
LF:11
LH:0
end_of_record
SF:lib/domain/entities/search/search_filters.dart
DA:6,1
DA:153,0
DA:154,0
DA:156,0
DA:157,0
DA:158,0
DA:159,0
DA:160,0
DA:161,0
DA:162,0
DA:163,0
DA:164,0
DA:165,0
DA:166,0
DA:167,0
DA:168,0
DA:169,0
DA:170,0
DA:171,0
DA:172,0
DA:173,0
DA:174,0
DA:175,0
DA:176,0
DA:177,0
DA:178,0
DA:179,0
DA:180,0
DA:181,0
DA:182,0
DA:183,0
DA:184,0
DA:185,0
DA:186,0
DA:187,0
DA:189,0
DA:190,0
DA:191,0
DA:192,0
DA:193,0
DA:194,0
DA:195,0
DA:196,0
DA:197,0
DA:198,0
DA:200,0
DA:245,0
DA:246,0
DA:247,0
DA:248,0
DA:249,0
DA:250,0
DA:251,0
DA:252,0
DA:253,0
DA:254,0
DA:255,0
DA:256,0
DA:257,0
DA:259,0
DA:260,0
DA:261,0
DA:262,0
DA:263,0
DA:264,0
DA:265,0
DA:266,0
DA:267,0
DA:268,0
DA:269,0
DA:270,0
DA:271,0
DA:272,0
DA:273,0
DA:274,0
DA:275,0
DA:276,0
DA:277,0
DA:278,0
DA:279,0
DA:280,0
DA:281,0
DA:282,0
DA:283,0
DA:284,0
DA:285,0
DA:286,0
DA:287,0
DA:288,0
DA:289,0
DA:293,0
DA:297,0
DA:298,0
DA:299,0
DA:300,0
DA:301,0
DA:302,0
DA:303,0
DA:304,0
DA:305,0
DA:306,0
DA:307,0
DA:308,0
DA:309,0
DA:310,0
DA:311,0
DA:312,0
DA:313,0
DA:314,0
DA:315,0
DA:316,0
DA:317,0
DA:318,0
DA:319,0
DA:320,0
DA:321,0
DA:322,0
DA:323,0
DA:324,0
DA:325,0
DA:326,0
DA:327,0
DA:328,0
DA:329,0
DA:330,0
DA:331,0
DA:332,0
DA:333,0
DA:334,0
DA:335,0
DA:336,0
DA:337,0
DA:338,0
DA:339,0
DA:340,0
DA:341,0
LF:136
LH:1
end_of_record
SF:lib/domain/entities/user/user_collection_filters.dart
DA:7,1
DA:37,0
DA:38,0
DA:39,0
DA:40,0
DA:41,0
DA:42,0
DA:43,0
DA:44,0
DA:45,0
DA:46,0
DA:47,0
DA:48,0
DA:50,0
DA:51,0
DA:52,0
DA:53,0
DA:54,0
DA:55,0
DA:56,0
DA:57,0
DA:59,0
DA:74,0
DA:75,0
DA:76,0
DA:77,0
DA:78,0
DA:79,0
DA:80,0
DA:81,0
DA:82,0
DA:83,0
DA:84,0
DA:85,0
DA:86,0
DA:87,0
DA:91,0
DA:92,0
DA:93,0
DA:94,0
DA:99,0
DA:103,0
DA:109,0
DA:113,0
DA:114,0
DA:115,0
DA:116,0
DA:117,0
DA:118,0
DA:119,0
DA:120,0
DA:121,0
DA:122,0
DA:123,0
DA:124,0
DA:125,0
DA:126,0
DA:127,0
LF:58
LH:1
end_of_record
SF:lib/domain/entities/user/user_collection_sort_options.dart
DA:21,0
DA:23,0
DA:25,0
DA:27,0
DA:29,0
DA:31,0
DA:33,0
DA:35,0
DA:37,0
DA:39,0
DA:41,0
DA:47,0
DA:55,0
DA:63,0
DA:82,0
DA:84,0
DA:86,0
DA:88,0
DA:90,0
DA:95,0
DA:97,0
DA:99,0
DA:101,0
DA:103,0
LF:24
LH:0
end_of_record
SF:lib/domain/entities/user/user_collection_summary.dart
DA:6,0
DA:28,0
DA:29,0
DA:32,0
DA:33,0
DA:34,0
DA:35,0
DA:38,0
DA:39,0
DA:40,0
DA:42,0
DA:44,0
DA:45,0
DA:46,0
DA:47,0
DA:48,0
DA:49,0
DA:50,0
DA:51,0
DA:52,0
DA:53,0
DA:54,0
LF:22
LH:0
end_of_record
SF:lib/presentation/widgets/game_card/card_user_states.dart
DA:15,3
DA:25,2
DA:26,1
DA:27,1
DA:28,1
DA:29,2
DA:40,6
DA:41,6
DA:42,6
DA:43,6
DA:44,6
DA:46,12
DA:49,3
DA:50,6
DA:51,6
DA:52,6
DA:53,3
DA:61,3
DA:62,6
DA:69,9
DA:70,6
DA:71,6
DA:73,12
DA:80,2
DA:82,2
DA:83,6
DA:84,6
DA:85,6
DA:86,6
DA:88,0
DA:90,0
LF:31
LH:29
end_of_record
SF:lib/domain/usecases/collection/get_rated_games_use_case.dart
DA:32,0
DA:35,0
DA:39,0
DA:40,0
DA:41,0
DA:42,0
DA:48,0
DA:57,0
DA:58,0
LF:9
LH:0
end_of_record
SF:lib/domain/usecases/collection/get_recommended_games_use_case.dart
DA:23,0
DA:26,0
DA:30,0
DA:31,0
DA:32,0
DA:33,0
DA:39,0
DA:48,0
DA:49,0
LF:9
LH:0
end_of_record
SF:lib/domain/usecases/collection/get_top_three_use_case.dart
DA:28,0
DA:31,0
DA:35,0
DA:40,0
DA:43,0
DA:44,0
LF:6
LH:0
end_of_record
SF:lib/domain/usecases/collection/get_wishlisted_games_use_case.dart
DA:28,0
DA:31,0
DA:35,0
DA:36,0
DA:37,0
DA:38,0
DA:44,0
DA:53,0
DA:54,0
LF:9
LH:0
end_of_record
SF:lib/domain/usecases/collection/rate_game_use_case.dart
DA:28,0
DA:31,0
DA:34,0
DA:42,0
DA:43,0
DA:44,0
DA:45,0
DA:51,1
DA:60,0
DA:61,0
LF:10
LH:1
end_of_record
SF:lib/domain/usecases/collection/remove_from_top_three_use_case.dart
DA:9,0
DA:12,0
DA:14,0
DA:18,0
DA:19,0
DA:20,0
DA:26,0
DA:33,0
DA:34,0
LF:9
LH:0
end_of_record
SF:lib/domain/usecases/collection/remove_rating_use_case.dart
DA:24,0
DA:27,0
DA:29,0
DA:34,0
DA:41,0
DA:42,0
LF:6
LH:0
end_of_record
SF:lib/domain/usecases/collection/set_top_three_game_at_position_use_case.dart
DA:9,0
DA:12,0
DA:15,0
DA:18,0
DA:23,0
DA:24,0
DA:25,0
DA:26,0
DA:32,0
DA:41,0
DA:42,0
LF:11
LH:0
end_of_record
SF:lib/domain/usecases/collection/toggle_recommended_use_case.dart
DA:25,0
DA:28,0
DA:30,0
DA:35,0
DA:42,0
DA:43,0
LF:6
LH:0
end_of_record
SF:lib/domain/usecases/collection/toggle_wishlist_use_case.dart
DA:27,0
DA:30,0
DA:32,0
DA:37,1
DA:44,0
DA:45,0
LF:6
LH:1
end_of_record
SF:lib/domain/usecases/collection/update_top_three_use_case.dart
DA:25,0
DA:28,0
DA:31,0
DA:40,0
DA:48,0
DA:49,0
DA:50,0
DA:56,0
DA:63,0
DA:64,0
LF:10
LH:0
end_of_record
SF:lib/presentation/blocs/user_game_data/user_game_data_state.dart
DA:6,4
DA:8,0
DA:9,0
DA:14,4
DA:19,2
DA:24,2
DA:38,6
DA:41,6
DA:44,6
DA:47,6
DA:50,1
DA:51,2
DA:52,2
DA:56,0
DA:63,0
DA:64,0
DA:65,0
DA:66,0
DA:67,0
DA:68,0
DA:72,1
DA:73,1
DA:74,1
DA:75,1
DA:76,1
DA:77,1
DA:78,1
DA:84,1
DA:87,1
DA:88,2
DA:93,1
DA:105,1
DA:106,1
DA:107,1
DA:108,1
DA:109,1
DA:114,0
DA:126,0
DA:127,0
DA:128,0
DA:129,0
DA:130,0
DA:135,1
DA:147,1
DA:148,1
DA:149,1
DA:150,1
DA:151,1
DA:156,0
DA:166,0
DA:167,0
DA:168,0
DA:169,0
DA:174,0
LF:54
LH:33
end_of_record
SF:lib/presentation/blocs/user_game_data/user_game_data_event.dart
DA:5,1
DA:7,0
DA:8,0
DA:13,0
DA:16,0
DA:17,0
DA:22,1
DA:29,0
DA:30,0
DA:35,0
DA:42,0
DA:43,0
DA:48,1
DA:57,0
DA:58,0
DA:63,0
DA:70,0
DA:71,0
DA:76,0
DA:83,0
DA:84,0
DA:91,0
DA:100,0
DA:101,0
DA:106,0
DA:113,0
DA:114,0
DA:119,0
DA:124,0
DA:127,0
DA:128,0
LF:31
LH:3
end_of_record
SF:lib/presentation/blocs/user_game_data/user_game_data_bloc.dart
DA:52,1
DA:68,1
DA:69,2
DA:70,2
DA:71,2
DA:72,2
DA:73,2
DA:74,2
DA:75,2
DA:76,2
DA:77,2
DA:78,2
DA:95,0
DA:99,0
DA:104,0
DA:105,0
DA:106,0
DA:107,0
DA:111,0
DA:112,0
DA:113,0
DA:117,0
DA:118,0
DA:119,0
DA:123,0
DA:127,0
DA:128,0
DA:129,0
DA:130,0
DA:134,0
DA:135,0
DA:136,0
DA:137,0
DA:139,0
DA:142,0
DA:143,0
DA:144,0
DA:145,0
DA:147,0
DA:150,0
DA:151,0
DA:152,0
DA:153,0
DA:155,0
DA:158,0
DA:159,0
DA:160,0
DA:161,0
DA:163,0
DA:168,0
DA:174,0
DA:175,0
DA:176,0
DA:177,0
DA:178,0
DA:183,0
DA:184,0
DA:185,0
DA:186,0
DA:187,0
DA:188,0
DA:189,0
DA:190,0
DA:191,0
DA:198,0
DA:199,0
DA:200,0
DA:201,0
DA:202,0
DA:207,0
DA:208,0
DA:209,0
DA:210,0
DA:211,0
DA:212,0
DA:213,0
DA:214,0
DA:220,0
DA:221,0
DA:222,0
DA:229,0
DA:230,0
DA:235,1
DA:239,1
DA:240,1
DA:243,2
DA:244,2
DA:247,2
DA:249,2
DA:252,1
DA:253,1
DA:254,1
DA:256,1
DA:258,1
DA:259,1
DA:260,1
DA:265,2
DA:266,1
DA:267,1
DA:268,1
DA:272,1
DA:273,0
DA:275,0
DA:276,0
DA:278,1
DA:281,1
DA:282,2
DA:284,2
DA:287,1
DA:288,0
DA:295,0
DA:299,0
DA:300,0
DA:306,0
DA:307,0
DA:310,0
DA:312,0
DA:315,0
DA:316,0
DA:317,0
DA:319,0
DA:320,0
DA:322,0
DA:323,0
DA:328,0
DA:329,0
DA:330,0
DA:331,0
DA:335,0
DA:336,0
DA:338,0
DA:339,0
DA:341,0
DA:348,1
DA:352,1
DA:353,1
DA:356,2
DA:357,3
DA:359,1
DA:360,1
DA:361,1
DA:362,1
DA:363,1
DA:364,1
DA:365,1
DA:367,1
DA:372,2
DA:373,1
DA:374,1
DA:375,1
DA:376,1
DA:380,1
DA:381,1
DA:383,1
DA:384,3
DA:386,1
DA:387,1
DA:388,2
DA:390,1
DA:391,1
DA:392,1
DA:396,1
DA:397,0
DA:403,0
DA:407,0
DA:408,0
DA:411,0
DA:412,0
DA:414,0
DA:415,0
DA:416,0
DA:417,0
DA:418,0
DA:419,0
DA:421,0
DA:426,0
DA:427,0
DA:428,0
DA:429,0
DA:433,0
DA:434,0
DA:436,0
DA:437,0
DA:439,0
DA:446,0
DA:450,0
DA:451,0
DA:454,0
DA:455,0
DA:456,0
DA:457,0
DA:458,0
DA:459,0
DA:460,0
DA:465,0
DA:466,0
DA:467,0
DA:468,0
DA:472,0
DA:473,0
DA:475,0
DA:476,0
DA:478,0
DA:485,0
DA:489,0
DA:490,0
DA:493,0
DA:494,0
DA:495,0
DA:496,0
DA:501,0
DA:502,0
DA:503,0
DA:505,0
DA:507,0
DA:508,0
DA:511,0
DA:512,0
DA:513,0
DA:514,0
DA:515,0
DA:516,0
DA:517,0
DA:520,0
DA:521,0
DA:522,0
DA:523,0
DA:524,0
DA:525,0
DA:536,0
DA:540,0
DA:541,0
DA:544,0
DA:545,0
DA:546,0
DA:547,0
DA:548,0
DA:553,0
DA:554,0
DA:555,0
DA:557,0
DA:559,0
DA:560,0
DA:563,0
DA:564,0
DA:565,0
DA:566,0
DA:567,0
DA:568,0
DA:569,0
DA:572,0
DA:573,0
DA:574,0
DA:575,0
DA:576,0
DA:577,0
DA:588,0
DA:592,0
DA:596,0
DA:603,0
DA:604,0
DA:605,0
DA:607,0
DA:608,0
DA:610,0
DA:611,0
DA:613,0
DA:616,0
DA:617,0
DA:618,0
DA:619,0
DA:622,0
DA:623,0
DA:625,0
DA:626,0
DA:628,0
DA:629,0
DA:631,0
DA:632,0
DA:636,0
DA:641,0
DA:642,0
DA:643,0
DA:645,0
DA:649,0
DA:650,0
DA:651,0
DA:652,0
DA:654,0
DA:655,0
DA:656,0
DA:657,0
DA:663,0
DA:664,0
DA:665,0
DA:667,0
DA:671,0
DA:672,0
DA:673,0
DA:674,0
DA:676,0
DA:677,0
DA:678,0
DA:683,0
DA:684,0
DA:685,0
DA:692,0
DA:693,0
LF:308
LH:65
end_of_record
SF:lib/data/models/user_model.dart
DA:14,0
DA:49,0
DA:50,0
DA:51,0
DA:52,0
DA:53,0
DA:54,0
DA:55,0
DA:56,0
DA:57,0
DA:58,0
DA:59,0
DA:60,0
DA:61,0
DA:62,0
DA:63,0
DA:64,0
DA:65,0
DA:66,0
DA:67,0
DA:68,0
DA:69,0
DA:70,0
DA:71,0
DA:82,0
DA:83,0
DA:84,0
DA:85,0
DA:86,0
DA:87,0
DA:88,0
DA:89,0
DA:90,0
DA:91,0
DA:92,0
DA:93,0
DA:94,0
DA:95,0
DA:96,0
DA:97,0
DA:98,0
DA:99,0
DA:100,0
DA:101,0
DA:102,0
DA:103,0
DA:139,0
DA:140,0
DA:141,0
DA:142,0
DA:143,0
DA:144,0
DA:145,0
DA:146,0
DA:147,0
DA:148,0
DA:149,0
DA:150,0
DA:151,0
DA:152,0
DA:153,0
DA:154,0
DA:155,0
DA:156,0
DA:157,0
DA:158,0
DA:159,0
DA:160,0
DA:170,0
DA:171,0
DA:172,0
DA:173,0
DA:174,0
DA:175,0
DA:176,0
DA:177,0
DA:178,0
DA:179,0
DA:180,0
DA:181,0
DA:182,0
DA:183,0
DA:184,0
DA:185,0
DA:186,0
DA:187,0
DA:188,0
DA:189,0
DA:190,0
DA:191,0
DA:196,0
DA:218,0
DA:219,0
DA:220,0
DA:221,0
DA:222,0
DA:223,0
DA:224,0
DA:225,0
DA:226,0
DA:227,0
DA:228,0
DA:229,0
DA:230,0
DA:231,0
DA:233,0
DA:234,0
DA:235,0
DA:236,0
DA:237,0
DA:238,0
DA:239,0
DA:243,0
DA:246,0
DA:249,0
DA:250,0
DA:252,0
DA:254,0
LF:118
LH:0
end_of_record
SF:lib/domain/entities/user/user.dart
DA:9,3
DA:61,0
DA:62,0
DA:65,0
DA:66,0
DA:75,8
DA:78,6
DA:81,0
DA:84,4
DA:87,0
DA:90,0
DA:93,0
DA:96,0
DA:97,0
DA:98,0
DA:99,0
DA:102,0
DA:105,0
DA:108,0
DA:111,0
DA:114,0
DA:115,0
DA:118,0
DA:120,0
DA:121,0
DA:122,0
DA:123,0
DA:124,0
DA:125,0
DA:126,0
DA:130,0
DA:133,0
DA:134,0
DA:135,0
DA:136,0
DA:137,0
DA:138,0
DA:139,0
DA:140,0
DA:145,0
DA:146,0
DA:147,0
DA:148,0
DA:149,0
DA:150,0
DA:151,0
DA:156,0
DA:157,0
DA:158,0
DA:162,0
DA:163,0
DA:164,0
DA:165,0
DA:166,0
DA:167,0
DA:168,0
DA:169,0
DA:171,0
DA:172,0
DA:174,0
DA:182,1
DA:204,1
DA:205,1
DA:206,0
DA:207,1
DA:208,1
DA:209,1
DA:210,1
DA:211,1
DA:212,1
DA:213,1
DA:214,1
DA:215,1
DA:216,1
DA:217,1
DA:219,1
DA:220,1
DA:221,1
DA:222,1
DA:223,1
DA:224,1
DA:225,1
DA:229,0
DA:230,0
DA:231,0
DA:232,0
DA:233,0
DA:234,0
DA:235,0
DA:236,0
DA:237,0
DA:238,0
DA:239,0
DA:240,0
DA:241,0
DA:242,0
DA:243,0
DA:244,0
DA:245,0
DA:246,0
DA:247,0
DA:248,0
DA:249,0
DA:250,0
DA:253,1
DA:255,6
LF:106
LH:27
end_of_record
SF:lib/data/repositories/user_repository_impl.dart
DA:40,0
DA:53,0
DA:58,0
DA:59,0
DA:60,0
DA:61,0
DA:67,0
DA:69,0
DA:70,0
DA:71,0
DA:73,0
DA:75,0
DA:76,0
DA:82,0
DA:94,0
DA:95,0
DA:96,0
DA:97,0
DA:98,0
DA:99,0
DA:100,0
DA:102,0
DA:105,0
DA:108,0
DA:111,0
DA:114,0
DA:118,0
DA:124,0
DA:129,0
DA:130,0
DA:135,0
DA:144,0
DA:145,0
DA:146,0
DA:148,0
DA:151,0
DA:154,0
DA:157,0
DA:160,0
DA:163,0
DA:177,0
DA:181,0
DA:182,0
DA:188,0
DA:189,0
DA:190,0
DA:196,0
DA:197,0
DA:198,0
DA:204,0
DA:209,0
DA:210,0
DA:216,0
DA:217,0
DA:218,0
DA:224,0
DA:228,0
DA:229,0
DA:235,0
DA:236,0
DA:237,0
DA:243,0
DA:244,0
DA:245,0
DA:251,0
DA:257,0
DA:258,0
DA:259,0
DA:264,0
DA:271,0
DA:277,0
DA:278,0
DA:288,0
DA:294,0
DA:295,0
DA:296,0
DA:301,0
DA:311,0
DA:316,0
DA:317,0
DA:322,0
DA:327,0
DA:328,0
DA:333,0
DA:338,0
DA:339,0
DA:344,0
DA:350,0
DA:351,0
DA:352,0
DA:357,0
DA:359,0
DA:360,0
DA:361,0
DA:367,0
DA:373,0
DA:374,0
DA:375,0
DA:380,0
DA:382,0
DA:383,0
DA:384,0
DA:390,0
DA:395,0
DA:396,0
DA:404,0
DA:410,0
DA:411,0
DA:412,0
DA:417,0
DA:418,0
DA:428,0
DA:435,0
DA:436,0
DA:444,0
DA:445,0
DA:452,0
DA:453,0
DA:459,0
DA:464,0
DA:465,0
DA:466,0
DA:471,0
DA:472,0
DA:478,0
DA:483,0
DA:484,0
DA:485,0
DA:486,0
DA:487,0
DA:488,0
DA:489,0
DA:490,0
DA:492,0
DA:493,0
DA:494,0
DA:500,0
DA:505,0
DA:506,0
DA:507,0
DA:512,0
DA:513,0
DA:519,0
DA:524,0
DA:525,0
DA:526,0
DA:531,0
DA:532,0
DA:542,0
DA:547,0
DA:548,0
DA:551,0
DA:557,0
DA:562,0
DA:563,0
DA:565,0
DA:572,0
DA:578,0
DA:579,0
DA:580,0
DA:591,0
DA:597,0
DA:598,0
DA:599,0
DA:609,0
DA:614,0
DA:615,0
DA:616,0
DA:626,0
DA:631,0
DA:632,0
DA:634,0
DA:639,0
DA:640,0
DA:651,0
DA:652,0
DA:653,0
DA:654,0
DA:662,0
DA:665,0
DA:666,0
DA:671,0
DA:676,0
DA:677,0
DA:678,0
DA:684,0
DA:686,0
DA:699,0
DA:703,0
DA:704,0
DA:706,0
DA:707,0
DA:719,0
DA:724,0
DA:725,0
DA:730,0
DA:734,0
DA:735,0
DA:736,0
DA:737,0
DA:738,0
DA:743,0
DA:744,0
DA:745,0
DA:746,0
DA:747,0
DA:756,0
DA:761,0
DA:762,0
DA:765,0
DA:768,0
DA:769,0
DA:770,0
DA:774,0
DA:780,0
DA:785,0
DA:786,0
DA:787,0
DA:788,0
DA:789,0
DA:790,0
DA:793,0
DA:803,0
DA:810,0
DA:811,0
DA:812,0
DA:813,0
DA:814,0
DA:816,0
DA:826,0
DA:834,0
DA:835,0
DA:836,0
DA:837,0
DA:838,0
DA:840,0
DA:845,0
DA:851,0
DA:856,0
DA:857,0
DA:858,0
DA:859,0
DA:861,0
DA:862,0
DA:863,0
DA:866,0
DA:867,0
DA:868,0
DA:871,0
DA:872,0
DA:885,0
DA:890,0
DA:891,0
DA:892,0
DA:901,0
DA:906,0
DA:907,0
DA:908,0
DA:909,0
DA:910,0
DA:911,0
DA:912,0
DA:918,0
DA:922,0
DA:923,0
DA:924,0
DA:925,0
DA:926,0
DA:927,0
DA:930,0
DA:931,0
DA:937,0
DA:942,0
DA:943,0
DA:944,0
DA:945,0
DA:946,0
DA:947,0
DA:948,0
DA:949,0
DA:961,0
DA:966,0
DA:967,0
DA:968,0
DA:969,0
DA:976,0
DA:981,0
DA:982,0
DA:984,0
DA:987,0
DA:988,0
DA:989,0
DA:999,0
DA:1006,0
DA:1007,0
DA:1008,0
DA:1019,0
DA:1021,0
DA:1022,0
DA:1023,0
DA:1024,0
DA:1025,0
DA:1026,0
DA:1027,0
DA:1035,0
DA:1037,0
DA:1038,0
DA:1039,0
DA:1040,0
DA:1041,0
DA:1042,0
DA:1043,0
DA:1044,0
DA:1045,0
DA:1047,0
DA:1058,0
DA:1063,0
DA:1064,0
DA:1066,0
DA:1071,0
DA:1072,0
DA:1078,0
DA:1084,0
DA:1085,0
DA:1087,0
DA:1090,0
DA:1091,0
DA:1093,0
DA:1097,0
DA:1098,0
DA:1101,0
DA:1107,0
DA:1109,0
DA:1110,0
DA:1111,0
DA:1113,0
DA:1114,0
DA:1120,0
DA:1122,0
DA:1123,0
DA:1124,0
DA:1127,0
DA:1133,0
DA:1135,0
DA:1136,0
DA:1137,0
DA:1147,0
DA:1154,0
DA:1155,0
DA:1156,0
LF:350
LH:0
end_of_record
SF:lib/domain/entities/user/user_gaming_activity.dart
DA:8,0
DA:29,0
DA:30,0
DA:31,0
DA:32,0
DA:33,0
DA:34,0
DA:35,0
DA:36,0
DA:37,0
DA:38,0
LF:11
LH:0
end_of_record
SF:lib/domain/entities/user/user_relationship.dart
DA:14,0
DA:27,0
DA:28,0
DA:29,0
DA:30,0
DA:31,0
DA:32,0
DA:33,0
DA:35,0
DA:37,0
LF:10
LH:0
end_of_record
SF:lib/domain/usecases/base_usecase.dart
DA:15,0
DA:17,0
DA:18,0
LF:3
LH:0
end_of_record
SF:lib/domain/usecases/usecase.dart
DA:72,0
LF:1
LH:0
end_of_record
SF:lib/domain/usecases/user_collection/add_game_to_collection_use_case.dart
DA:10,4
DA:14,3
DA:16,6
DA:17,3
DA:18,3
DA:24,2
DA:32,0
DA:33,0
LF:8
LH:6
end_of_record
SF:lib/domain/usecases/user_collection/create_collection_use_case.dart
DA:15,4
DA:22,2
DA:26,4
DA:27,2
DA:28,2
DA:32,4
DA:33,1
DA:41,4
DA:42,2
DA:44,2
DA:50,2
DA:60,0
DA:61,0
LF:13
LH:11
end_of_record
SF:lib/domain/usecases/user_collection/delete_collection_use_case.dart
DA:9,4
DA:13,2
DA:15,6
DA:20,1
DA:24,0
DA:25,0
LF:6
LH:4
end_of_record
SF:lib/domain/usecases/user_collection/get_user_collections_use_case.dart
DA:11,4
DA:15,4
DA:19,12
DA:24,3
DA:28,0
DA:29,0
LF:6
LH:4
end_of_record
SF:lib/domain/usecases/user_collection/remove_game_from_collection_use_case.dart
DA:10,4
DA:14,1
DA:18,2
DA:19,1
DA:20,1
DA:26,0
DA:34,0
DA:35,0
LF:8
LH:5
end_of_record
SF:lib/domain/usecases/user_collection/update_collection_use_case.dart
DA:12,4
DA:16,1
DA:20,2
DA:21,1
DA:22,1
DA:26,0
DA:27,0
DA:36,2
DA:37,1
DA:39,1
DA:40,1
DA:41,1
DA:47,0
DA:61,0
DA:62,0
DA:63,0
DA:64,0
DA:65,0
DA:66,0
DA:67,0
LF:20
LH:10
end_of_record
SF:lib/presentation/blocs/user_collections/user_collections_event.dart
DA:5,2
DA:7,0
DA:8,0
DA:13,2
DA:17,0
DA:18,0
DA:23,1
DA:33,0
DA:34,0
DA:39,0
DA:51,0
DA:52,0
DA:57,1
DA:61,0
DA:62,0
DA:67,1
DA:75,0
DA:76,0
DA:81,0
DA:89,0
DA:90,0
LF:21
LH:5
end_of_record
SF:lib/presentation/blocs/user_collections/user_collections_state.dart
DA:5,4
DA:7,1
DA:8,1
DA:13,1
DA:18,1
DA:23,1
DA:27,1
DA:28,2
DA:39,4
DA:56,6
DA:58,1
DA:65,1
DA:66,1
DA:67,1
DA:68,0
DA:74,1
DA:76,6
LF:17
LH:16
end_of_record
SF:lib/presentation/blocs/user_collections/user_collections_bloc.dart
DA:25,3
DA:38,3
DA:39,6
DA:40,6
DA:41,6
DA:42,6
DA:43,6
DA:44,6
DA:55,1
DA:56,1
DA:57,2
DA:60,3
DA:65,6
DA:66,3
DA:68,6
DA:69,6
DA:71,3
DA:72,1
DA:73,2
DA:74,3
DA:76,6
DA:77,3
DA:78,3
DA:85,1
DA:89,1
DA:90,2
DA:91,1
DA:92,1
DA:93,1
DA:94,1
DA:97,2
DA:100,0
DA:104,0
DA:106,0
DA:107,0
DA:108,0
DA:109,0
DA:110,0
DA:111,0
DA:112,0
DA:115,0
DA:118,1
DA:122,1
DA:124,1
DA:125,2
DA:126,2
DA:128,1
DA:131,1
DA:135,1
DA:137,1
DA:138,2
DA:139,1
DA:140,1
DA:141,1
DA:144,1
DA:147,0
DA:151,0
DA:153,0
DA:154,0
DA:155,0
DA:156,0
DA:157,0
DA:160,0
DA:163,1
DA:164,1
DA:165,1
DA:166,2
DA:171,1
DA:176,1
DA:177,1
DA:180,1
DA:181,1
DA:182,1
DA:183,1
DA:184,1
DA:186,1
DA:191,0
DA:194,1
DA:195,2
DA:196,1
DA:198,1
DA:199,0
DA:200,0
DA:201,0
DA:202,0
DA:204,0
DA:207,2
DA:208,1
DA:215,2
LF:89
LH:65
end_of_record
SF:lib/presentation/blocs/theme/theme_bloc.dart
DA:9,6
DA:10,3
DA:11,1
DA:12,2
DA:13,1
DA:15,1
DA:16,1
DA:18,2
DA:23,2
DA:24,0
DA:25,0
DA:26,0
DA:29,4
DA:30,2
DA:31,2
DA:32,4
DA:33,2
DA:34,4
DA:50,1
DA:51,3
DA:54,1
LF:21
LH:18
end_of_record
SF:lib/presentation/blocs/theme/theme_event.dart
DA:6,2
DA:8,0
DA:9,0
DA:13,0
DA:16,0
DA:17,0
DA:21,2
DA:26,0
DA:27,0
DA:31,1
LF:10
LH:3
end_of_record
SF:lib/presentation/blocs/theme/theme_state.dart
DA:6,2
DA:14,3
DA:25,4
DA:27,2
DA:32,2
DA:33,2
DA:34,1
DA:38,2
DA:39,6
LF:9
LH:9
end_of_record
SF:lib/domain/usecases/user_collection/get_collection_game_ids_use_case.dart
DA:10,2
DA:14,2
DA:18,6
DA:23,2
DA:27,0
DA:28,0
LF:6
LH:4
end_of_record
SF:lib/domain/usecases/auth/delete_account.dart
DA:15,0
DA:18,0
DA:20,0
LF:3
LH:0
end_of_record
SF:lib/domain/usecases/auth/get_current_user.dart
DA:27,0
DA:30,0
DA:32,0
LF:3
LH:0
end_of_record
SF:lib/domain/usecases/auth/is_authenticated.dart
DA:23,0
DA:26,0
DA:28,0
DA:30,0
DA:31,0
DA:33,0
DA:34,0
LF:7
LH:0
end_of_record
SF:lib/domain/usecases/auth/reset_password.dart
DA:24,0
DA:27,0
DA:29,0
DA:37,0
DA:41,0
DA:42,0
DA:45,0
DA:50,1
DA:53,0
DA:54,0
LF:10
LH:1
end_of_record
SF:lib/domain/usecases/auth/sign_in.dart
DA:31,0
DA:34,0
DA:37,0
DA:45,0
DA:53,0
DA:54,0
DA:55,0
DA:60,0
DA:61,0
DA:64,0
DA:68,0
DA:69,0
DA:74,1
DA:81,0
DA:82,0
LF:15
LH:1
end_of_record
SF:lib/domain/usecases/auth/sign_out.dart
DA:21,0
DA:24,0
DA:26,0
LF:3
LH:0
end_of_record
SF:lib/domain/usecases/auth/sign_up.dart
DA:27,0
DA:30,0
DA:33,0
DA:42,0
DA:51,0
DA:60,0
DA:61,0
DA:62,0
DA:63,0
DA:68,0
DA:69,0
DA:72,0
DA:76,0
DA:77,0
DA:81,0
DA:82,0
DA:83,0
DA:88,1
DA:97,0
DA:98,0
LF:20
LH:1
end_of_record
SF:lib/domain/usecases/auth/update_password.dart
DA:24,0
DA:27,0
DA:29,0
DA:37,0
DA:41,0
DA:42,0
DA:47,1
DA:50,0
DA:51,0
LF:9
LH:1
end_of_record
SF:lib/presentation/blocs/auth/auth_bloc.dart
DA:49,1
DA:60,1
DA:61,2
DA:62,2
DA:63,2
DA:64,2
DA:65,2
DA:66,2
DA:67,2
DA:68,2
DA:69,2
DA:82,0
DA:86,0
DA:90,1
DA:94,1
DA:96,2
DA:98,1
DA:99,2
DA:100,1
DA:102,2
DA:104,1
DA:111,1
DA:115,1
DA:117,2
DA:118,1
DA:119,1
DA:120,1
DA:124,1
DA:125,1
DA:126,2
DA:127,1
DA:129,1
DA:136,3
DA:141,1
DA:145,1
DA:147,2
DA:148,1
DA:149,1
DA:150,1
DA:151,1
DA:155,1
DA:156,1
DA:157,2
DA:158,1
DA:160,0
DA:161,0
DA:162,0
DA:167,1
DA:168,2
DA:169,3
DA:175,1
DA:181,2
DA:183,1
DA:184,0
DA:187,2
DA:193,1
DA:197,2
DA:199,1
DA:200,4
DA:201,2
DA:206,1
DA:210,1
DA:212,2
DA:213,2
DA:216,1
DA:217,0
DA:220,2
DA:225,0
DA:230,0
DA:232,0
DA:234,0
DA:235,0
DA:238,0
DA:239,0
DA:242,0
DA:244,0
DA:245,0
DA:247,0
DA:249,0
DA:256,0
DA:260,0
DA:261,0
DA:263,0
LF:83
LH:60
end_of_record
SF:lib/presentation/blocs/auth/auth_event.dart
DA:14,1
DA:16,0
DA:17,0
DA:22,1
DA:27,1
DA:34,0
DA:35,0
DA:40,1
DA:49,0
DA:50,0
DA:55,1
DA:60,1
DA:65,1
DA:68,0
DA:69,0
DA:74,0
DA:77,0
DA:78,0
DA:83,0
DA:86,0
DA:87,0
DA:92,0
DA:95,0
DA:96,0
LF:24
LH:7
end_of_record
SF:lib/presentation/blocs/auth/auth_state.dart
DA:9,1
DA:11,1
DA:12,1
DA:17,1
DA:22,1
DA:27,1
DA:30,1
DA:31,2
DA:36,1
DA:41,1
DA:44,1
DA:45,2
DA:50,1
DA:55,1
LF:14
LH:14
end_of_record
SF:lib/core/navigation/gg_reveal_route.dart
DA:37,2
DA:41,2
DA:52,2
DA:53,2
DA:55,2
DA:62,2
DA:63,4
DA:88,2
DA:97,2
DA:99,2
DA:101,2
DA:102,2
DA:103,2
DA:110,2
DA:173,2
DA:174,6
DA:175,10
DA:176,1
DA:177,1
DA:178,1
DA:179,1
DA:185,2
DA:186,2
DA:187,2
DA:188,14
DA:189,14
DA:193,2
DA:195,2
DA:196,2
DA:197,2
DA:199,2
DA:200,2
DA:201,2
DA:202,2
DA:204,2
DA:212,2
DA:213,2
DA:219,2
DA:220,2
DA:231,2
DA:232,2
DA:234,2
DA:235,2
DA:236,2
DA:237,2
DA:238,2
DA:241,2
DA:243,2
[...]
DA:205,0
DA:206,0
DA:207,0
DA:212,0
DA:214,0
DA:215,0
DA:216,0
DA:219,0
DA:220,0
DA:221,0
DA:222,0
DA:225,0
DA:228,0
DA:229,0
DA:230,0
DA:231,0
DA:232,0
DA:248,0
DA:253,0
DA:254,0
DA:255,0
DA:258,0
DA:261,0
DA:262,0
DA:263,0
DA:264,0
DA:267,0
DA:268,0
DA:269,0
DA:272,0
DA:273,0
DA:279,0
DA:282,0
DA:287,0
DA:288,0
DA:290,0
DA:293,0
DA:294,0
DA:295,0
DA:297,0
DA:298,0
DA:300,0
DA:307,0
DA:308,0
DA:309,0
DA:311,0
DA:313,0
DA:315,0
DA:316,0
DA:318,0
DA:320,0
DA:322,0
DA:328,0
DA:329,0
DA:330,0
DA:332,0
DA:334,0
DA:336,0
DA:337,0
DA:339,0
DA:341,0
DA:343,0
LF:147
LH:0
end_of_record
SF:lib/presentation/widgets/sections/game_features_section.dart
DA:11,0
DA:17,0
DA:19,0
DA:21,0
DA:23,0
DA:26,0
DA:27,0
DA:28,0
DA:32,0
DA:33,0
DA:34,0
DA:35,0
DA:39,0
DA:40,0
DA:41,0
DA:48,0
DA:49,0
DA:51,0
DA:53,0
DA:54,0
DA:55,0
DA:58,0
DA:61,0
DA:63,0
DA:72,0
DA:73,0
DA:75,0
DA:76,0
DA:78,0
DA:80,0
DA:81,0
DA:82,0
DA:85,0
DA:86,0
DA:87,0
DA:90,0
DA:91,0
DA:92,0
DA:103,0
DA:104,0
DA:106,0
DA:107,0
DA:108,0
DA:109,0
DA:110,0
DA:113,0
DA:115,0
DA:117,0
DA:118,0
DA:119,0
DA:121,0
DA:122,0
DA:123,0
DA:132,0
DA:133,0
DA:135,0
DA:146,0
DA:149,0
DA:150,0
DA:151,0
DA:152,0
DA:154,0
DA:155,0
DA:157,0
DA:158,0
DA:163,0
DA:164,0
DA:165,0
DA:166,0
DA:167,0
DA:170,0
DA:171,0
DA:177,0
DA:185,0
DA:186,0
DA:188,0
DA:189,0
DA:190,0
DA:191,0
DA:192,0
DA:195,0
DA:197,0
DA:199,0
DA:200,0
DA:201,0
DA:203,0
DA:204,0
DA:205,0
DA:211,0
DA:212,0
DA:214,0
DA:225,0
DA:228,0
DA:229,0
DA:230,0
DA:231,0
DA:233,0
DA:234,0
DA:236,0
DA:237,0
DA:242,0
DA:243,0
DA:244,0
DA:245,0
DA:246,0
DA:249,0
DA:250,0
DA:256,0
DA:264,0
DA:265,0
DA:267,0
DA:269,0
DA:270,0
DA:271,0
DA:274,0
DA:277,0
DA:279,0
DA:288,0
DA:291,0
DA:292,0
DA:293,0
DA:295,0
DA:296,0
DA:297,0
DA:298,0
DA:299,0
DA:302,0
DA:305,0
DA:307,0
DA:309,0
DA:310,0
DA:312,0
DA:313,0
DA:314,0
DA:323,0
DA:325,0
DA:326,0
DA:327,0
DA:328,0
DA:338,0
DA:339,0
DA:342,0
DA:344,0
DA:345,0
DA:348,0
DA:350,0
DA:351,0
DA:356,0
DA:357,0
DA:362,0
DA:363,0
DA:372,0
DA:379,0
DA:380,0
DA:382,0
DA:384,0
DA:385,0
DA:386,0
DA:389,0
DA:392,0
DA:394,0
DA:403,0
DA:408,0
DA:410,0
DA:411,0
DA:412,0
DA:414,0
DA:415,0
DA:417,0
DA:418,0
DA:419,0
DA:420,0
DA:421,0
DA:422,0
DA:425,0
DA:426,0
DA:428,0
DA:429,0
DA:437,0
DA:438,0
DA:439,0
DA:442,0
DA:443,0
DA:445,0
DA:447,0
DA:448,0
DA:449,0
DA:458,0
DA:459,0
DA:462,0
DA:463,0
DA:464,0
DA:479,0
DA:480,0
DA:482,0
DA:484,0
DA:485,0
DA:486,0
DA:489,0
DA:492,0
DA:494,0
DA:503,0
DA:506,0
DA:507,0
DA:508,0
DA:509,0
DA:512,0
DA:514,0
DA:515,0
DA:519,0
DA:520,0
DA:522,0
DA:526,0
DA:533,0
DA:541,0
DA:543,0
DA:546,0
DA:547,0
DA:548,0
DA:549,0
DA:550,0
DA:553,0
DA:555,0
DA:557,0
DA:558,0
DA:559,0
DA:561,0
DA:563,0
DA:569,0
DA:571,0
DA:572,0
DA:573,0
DA:575,0
DA:576,0
DA:577,0
DA:589,0
DA:593,0
DA:594,0
DA:595,0
DA:600,0
DA:601,0
DA:602,0
DA:603,0
DA:604,0
DA:607,0
DA:613,0
DA:618,0
DA:620,0
DA:621,0
DA:628,0
DA:629,0
DA:632,0
DA:633,0
DA:634,0
DA:635,0
DA:636,0
DA:639,0
DA:641,0
DA:642,0
DA:648,0
DA:649,0
DA:650,0
DA:667,0
DA:674,0
DA:678,0
DA:682,0
DA:683,0
DA:684,0
DA:687,0
DA:688,0
DA:690,0
DA:694,0
DA:695,0
DA:696,0
DA:701,0
DA:703,0
DA:704,0
DA:705,0
DA:707,0
DA:708,0
DA:709,0
DA:711,0
DA:714,0
DA:715,0
DA:717,0
DA:718,0
DA:719,0
DA:720,0
DA:721,0
DA:722,0
DA:723,0
DA:727,0
DA:728,0
DA:729,0
DA:730,0
DA:731,0
DA:732,0
DA:733,0
DA:734,0
DA:735,0
DA:746,0
DA:747,0
DA:750,0
DA:751,0
DA:753,0
DA:754,0
DA:755,0
DA:756,0
DA:758,0
DA:759,0
DA:760,0
DA:762,0
DA:768,0
DA:772,0
DA:790,0
DA:791,0
DA:793,0
DA:794,0
DA:795,0
DA:797,0
DA:799,0
DA:807,0
DA:808,0
DA:811,0
DA:812,0
DA:813,0
DA:814,0
LF:327
LH:0
end_of_record
SF:lib/presentation/widgets/sections/genre_section.dart
DA:11,0
DA:17,0
DA:19,0
DA:21,0
DA:23,0
DA:24,0
DA:30,0
DA:31,0
DA:35,0
DA:36,0
DA:38,0
DA:40,0
DA:41,0
DA:42,0
DA:45,0
DA:48,0
DA:50,0
DA:58,0
DA:59,0
DA:62,0
DA:69,0
DA:70,0
DA:71,0
DA:74,0
DA:81,0
DA:82,0
DA:83,0
DA:86,0
DA:96,0
DA:104,0
DA:106,0
DA:108,0
DA:110,0
DA:111,0
DA:112,0
DA:114,0
DA:116,0
DA:126,0
DA:129,0
DA:131,0
DA:132,0
DA:133,0
DA:135,0
DA:136,0
DA:138,0
DA:139,0
DA:142,0
DA:143,0
DA:144,0
DA:145,0
DA:146,0
DA:149,0
DA:150,0
DA:151,0
DA:163,0
DA:164,0
DA:165,0
DA:166,0
DA:167,0
DA:170,0
DA:171,0
DA:172,0
DA:173,0
DA:174,0
DA:178,0
DA:180,0
DA:181,0
DA:187,0
DA:188,0
DA:189,0
DA:206,0
DA:214,0
DA:216,0
DA:218,0
DA:219,0
DA:220,0
DA:221,0
DA:223,0
DA:225,0
DA:233,0
DA:236,0
DA:237,0
DA:238,0
DA:239,0
DA:241,0
DA:242,0
DA:244,0
DA:245,0
DA:248,0
DA:249,0
DA:250,0
DA:251,0
DA:252,0
DA:255,0
DA:256,0
DA:257,0
DA:267,0
DA:268,0
DA:269,0
DA:270,0
DA:271,0
DA:274,0
DA:275,0
DA:276,0
DA:277,0
DA:278,0
DA:282,0
DA:284,0
DA:285,0
DA:287,0
DA:288,0
DA:289,0
DA:306,0
DA:314,0
DA:316,0
DA:318,0
DA:319,0
DA:320,0
DA:321,0
DA:323,0
DA:325,0
DA:333,0
DA:336,0
DA:337,0
DA:338,0
DA:339,0
DA:341,0
DA:342,0
DA:344,0
DA:345,0
DA:348,0
DA:349,0
DA:350,0
DA:351,0
DA:352,0
DA:355,0
DA:356,0
DA:357,0
DA:367,0
DA:368,0
DA:375,0
DA:376,0
DA:379,0
DA:380,0
DA:381,0
DA:382,0
DA:383,0
DA:387,0
DA:389,0
DA:390,0
DA:392,0
DA:393,0
DA:394,0
DA:411,0
DA:418,0
DA:422,0
DA:426,0
DA:427,0
DA:428,0
DA:431,0
DA:432,0
DA:433,0
DA:437,0
DA:438,0
DA:439,0
DA:442,0
DA:444,0
DA:445,0
DA:446,0
DA:448,0
DA:449,0
DA:450,0
DA:452,0
DA:455,0
DA:456,0
DA:458,0
DA:459,0
DA:460,0
DA:461,0
DA:462,0
DA:463,0
DA:464,0
DA:466,0
DA:467,0
DA:468,0
DA:469,0
DA:470,0
DA:471,0
DA:472,0
DA:473,0
DA:474,0
DA:483,0
DA:484,0
DA:487,0
DA:491,0
DA:492,0
DA:493,0
DA:494,0
DA:495,0
DA:497,0
DA:498,0
DA:501,0
DA:502,0
DA:507,0
DA:508,0
DA:509,0
DA:510,0
DA:511,0
DA:514,0
DA:515,0
DA:516,0
DA:525,0
DA:537,0
DA:544,0
DA:548,0
DA:552,0
DA:553,0
DA:554,0
DA:557,0
DA:558,0
DA:559,0
DA:563,0
DA:564,0
DA:565,0
DA:568,0
DA:570,0
DA:571,0
DA:572,0
DA:574,0
DA:575,0
DA:576,0
DA:578,0
DA:581,0
DA:582,0
DA:584,0
DA:585,0
DA:586,0
DA:587,0
DA:588,0
DA:589,0
DA:590,0
DA:592,0
DA:593,0
DA:594,0
DA:595,0
DA:596,0
DA:597,0
DA:598,0
DA:599,0
DA:600,0
DA:609,0
DA:610,0
DA:613,0
DA:617,0
DA:618,0
DA:619,0
DA:620,0
DA:621,0
DA:623,0
DA:624,0
DA:627,0
DA:628,0
DA:633,0
DA:634,0
DA:635,0
DA:636,0
DA:637,0
DA:640,0
DA:641,0
DA:642,0
DA:651,0
DA:663,0
DA:670,0
DA:674,0
DA:678,0
DA:679,0
DA:680,0
DA:683,0
DA:684,0
DA:685,0
DA:689,0
DA:690,0
DA:691,0
DA:694,0
DA:696,0
DA:697,0
DA:698,0
DA:700,0
DA:701,0
DA:702,0
DA:704,0
DA:707,0
DA:708,0
DA:710,0
DA:711,0
DA:712,0
DA:713,0
DA:714,0
DA:715,0
DA:716,0
DA:718,0
DA:719,0
DA:720,0
DA:721,0
DA:722,0
DA:723,0
DA:724,0
DA:725,0
DA:726,0
DA:735,0
DA:736,0
DA:739,0
DA:743,0
DA:744,0
DA:745,0
DA:746,0
DA:747,0
DA:749,0
DA:750,0
DA:753,0
DA:754,0
DA:759,0
DA:760,0
DA:761,0
DA:762,0
DA:763,0
DA:766,0
DA:767,0
DA:768,0
DA:777,0
LF:330
LH:0
end_of_record
SF:lib/presentation/widgets/sections/related_games/related_games_accordion.dart
DA:16,2
DA:42,2
DA:43,2
DA:58,2
DA:60,6
DA:62,4
DA:63,8
DA:65,14
DA:67,2
DA:72,2
DA:73,2
DA:74,2
DA:75,2
DA:76,2
DA:77,4
DA:78,2
DA:80,2
DA:81,2
DA:82,2
DA:84,2
DA:85,2
DA:86,2
DA:87,4
DA:88,4
DA:90,4
DA:92,2
DA:93,3
DA:94,2
DA:95,3
DA:98,2
DA:99,2
DA:101,2
DA:104,2
DA:106,1
DA:107,1
DA:108,2
DA:113,1
DA:114,3
DA:115,1
DA:116,1
DA:117,3
DA:118,1
DA:120,1
DA:121,1
DA:122,2
DA:123,1
DA:125,2
DA:143,2
DA:161,2
DA:163,4
DA:165,2
DA:167,2
DA:168,2
DA:169,2
DA:170,2
DA:172,2
DA:173,2
DA:175,2
DA:176,1
DA:177,1
DA:180,1
DA:181,2
DA:182,2
DA:190,2
DA:191,2
DA:192,2
DA:194,2
DA:195,6
DA:196,2
DA:198,6
DA:201,2
DA:202,2
DA:204,2
DA:205,2
DA:206,2
DA:208,8
DA:210,3
DA:213,4
DA:215,2
DA:216,2
DA:217,2
DA:218,2
DA:224,2
DA:225,2
DA:227,2
DA:229,2
DA:230,1
DA:231,4
DA:245,2
DA:258,2
DA:260,10
DA:261,4
DA:262,2
DA:263,5
DA:265,2
DA:266,2
DA:267,2
DA:268,2
DA:270,2
DA:272,2
DA:273,2
DA:274,2
DA:275,2
DA:283,2
DA:285,2
DA:286,4
DA:287,2
DA:289,2
DA:290,4
DA:291,2
DA:293,2
DA:304,1
DA:311,1
DA:313,2
DA:315,1
DA:316,1
DA:317,1
DA:318,3
DA:321,1
DA:322,3
DA:323,1
DA:324,1
DA:325,1
DA:326,1
DA:327,1
DA:328,1
DA:329,1
DA:331,1
DA:332,1
DA:333,1
DA:336,3
DA:339,1
DA:341,1
DA:342,2
DA:343,1
DA:344,3
DA:345,1
DA:347,1
DA:348,2
DA:363,1
DA:368,0
DA:369,0
DA:371,0
DA:374,0
DA:376,0
DA:377,0
DA:378,0
DA:382,1
DA:384,2
DA:385,4
DA:386,4
DA:388,1
DA:390,1
DA:391,1
DA:397,1
DA:398,1
DA:399,1
DA:401,1
DA:402,1
DA:403,1
DA:405,3
DA:408,1
DA:409,1
DA:411,1
DA:412,1
DA:413,2
DA:414,1
DA:415,1
DA:416,1
DA:417,1
DA:419,1
DA:420,1
DA:421,2
DA:422,4
DA:431,5
DA:432,0
DA:433,0
DA:434,0
DA:435,0
DA:441,2
DA:449,1
DA:453,1
DA:455,1
DA:458,2
DA:459,1
DA:460,2
DA:461,1
DA:464,1
DA:466,0
DA:467,0
LF:190
LH:177
end_of_record
SF:lib/presentation/widgets/sections/related_games/related_games_tab.dart
DA:12,2
LF:1
LH:1
end_of_record
SF:lib/presentation/pages/settings/settings_bottom_sheet.dart
DA:20,1
DA:22,1
DA:24,1
DA:25,1
DA:26,1
DA:32,1
DA:33,1
DA:35,1
DA:37,1
DA:45,1
DA:47,1
DA:58,1
DA:59,0
DA:61,0
DA:62,0
DA:66,1
DA:73,0
DA:76,0
DA:79,0
DA:80,0
DA:82,0
DA:90,1
DA:91,2
DA:92,1
DA:94,1
DA:96,1
DA:122,1
DA:124,1
DA:126,2
DA:127,1
DA:129,1
DA:130,1
DA:132,1
DA:133,1
DA:134,1
DA:135,1
DA:136,1
DA:137,1
DA:139,1
DA:140,1
DA:141,1
DA:142,1
DA:145,2
DA:158,1
DA:160,1
DA:162,1
DA:164,1
DA:165,1
DA:169,0
DA:170,0
DA:171,0
DA:175,1
DA:179,0
DA:180,0
DA:181,0
DA:185,1
DA:190,0
DA:198,0
DA:199,0
DA:201,0
DA:202,0
DA:204,0
DA:205,0
DA:207,0
DA:209,0
DA:211,0
DA:217,0
DA:218,0
DA:225,1
DA:227,1
DA:229,2
DA:230,1
DA:231,1
DA:232,1
DA:233,1
DA:234,2
DA:242,0
DA:243,0
DA:244,0
DA:248,1
DA:250,1
DA:252,1
DA:258,0
DA:264,1
DA:266,0
DA:281,1
DA:297,1
DA:299,2
DA:300,2
DA:301,1
DA:303,1
DA:304,1
DA:305,1
DA:306,1
DA:307,1
DA:308,1
DA:309,1
DA:310,1
DA:311,3
DA:315,1
DA:316,1
DA:317,3
DA:319,1
DA:320,1
DA:322,1
DA:323,1
DA:324,1
DA:325,2
DA:326,1
DA:330,1
DA:331,1
DA:332,2
DA:333,2
DA:339,3
LF:114
LH:83
end_of_record
SF:lib/presentation/widgets/app_version_line.dart
DA:14,1
DA:16,2
DA:17,2
DA:23,2
DA:25,2
DA:26,4
DA:29,2
DA:31,2
DA:32,8
DA:33,0
DA:39,2
DA:41,2
DA:44,6
DA:46,2
DA:49,2
DA:50,2
DA:51,2
DA:53,6
LF:18
LH:17
end_of_record
SF:lib/presentation/pages/legal/legal_document_page.dart
DA:26,1
DA:30,0
DA:31,0
DA:32,0
DA:36,1
DA:37,1
DA:43,1
DA:45,1
DA:46,6
DA:49,1
DA:51,1
DA:54,4
DA:55,6
DA:59,1
DA:61,1
DA:62,5
DA:63,1
DA:64,1
DA:65,1
DA:66,1
DA:69,1
DA:73,1
DA:74,1
DA:76,1
DA:90,1
DA:91,1
DA:92,1
DA:93,1
DA:95,1
DA:96,1
DA:97,1
DA:98,1
DA:100,1
DA:101,1
DA:102,3
DA:106,1
DA:109,2
DA:110,1
DA:112,2
DA:113,1
DA:117,1
DA:118,1
DA:119,1
DA:120,1
DA:122,1
DA:123,1
DA:124,2
DA:125,1
DA:129,1
DA:130,1
DA:131,1
DA:132,1
DA:134,1
DA:135,1
DA:136,2
DA:137,1
DA:141,1
DA:142,1
DA:143,1
DA:144,1
DA:146,1
DA:147,1
DA:148,2
DA:149,1
DA:153,1
DA:154,1
DA:155,1
DA:156,1
DA:158,1
DA:160,1
DA:161,3
DA:162,1
DA:163,1
DA:164,1
DA:165,3
DA:173,2
DA:177,1
LF:77
LH:74
end_of_record
SF:lib/presentation/pages/settings/theme_selection_dialog.dart
DA:11,1
DA:13,1
DA:15,3
DA:16,1
DA:18,1
DA:19,3
DA:20,2
DA:28,1
DA:29,1
DA:30,1
DA:31,3
DA:33,1
DA:34,2
DA:35,1
DA:38,1
DA:39,1
DA:40,1
DA:42,3
DA:44,1
DA:45,1
DA:48,2
DA:49,1
DA:51,1
DA:52,1
DA:55,1
DA:56,1
DA:57,1
DA:61,2
DA:65,2
DA:66,1
DA:68,2
DA:69,4
DA:70,2
DA:71,1
DA:72,0
DA:77,1
DA:79,1
DA:80,0
LF:38
LH:36
end_of_record
SF:lib/presentation/pages/settings/widgets/theme_card.dart
DA:11,1
DA:24,1
DA:26,1
DA:27,1
DA:28,2
DA:30,1
DA:32,1
DA:33,1
DA:40,1
DA:41,1
DA:42,2
DA:44,1
DA:45,1
DA:46,2
DA:47,2
DA:48,1
DA:51,1
DA:55,1
DA:56,1
DA:57,1
DA:59,1
DA:60,1
DA:62,1
DA:63,1
DA:64,2
DA:65,2
DA:67,1
DA:68,2
DA:69,1
DA:71,1
DA:73,1
DA:74,1
DA:75,1
DA:76,3
DA:80,2
DA:81,3
DA:90,1
DA:92,1
DA:93,2
DA:94,1
DA:95,1
DA:96,1
DA:97,4
DA:98,4
DA:113,1
DA:117,1
DA:119,1
DA:120,1
DA:121,1
DA:122,3
LF:50
LH:50
end_of_record
SF:lib/presentation/pages/grove/widgets/collections_section.dart
DA:24,1
DA:28,1
DA:30,1
DA:33,0
DA:34,0
DA:35,0
DA:36,0
DA:37,0
DA:38,0
DA:39,0
DA:42,0
DA:44,0
DA:51,1
DA:52,1
DA:55,2
DA:56,1
DA:57,0
DA:61,3
DA:62,2
DA:63,1
DA:64,3
DA:72,0
DA:73,0
DA:74,0
DA:75,0
DA:76,0
DA:77,0
DA:85,1
DA:89,1
DA:91,1
DA:93,1
DA:98,2
DA:99,1
DA:100,2
DA:101,1
DA:103,1
DA:105,0
DA:106,0
DA:107,0
DA:109,0
DA:122,1
DA:127,1
DA:129,1
DA:130,2
DA:131,1
DA:133,3
DA:134,2
DA:135,1
DA:137,1
DA:139,2
DA:141,1
DA:142,1
DA:143,1
DA:145,1
DA:147,1
DA:148,1
DA:150,2
DA:154,1
DA:155,2
DA:158,3
DA:163,1
DA:164,2
DA:165,3
DA:166,2
DA:180,1
DA:184,1
DA:186,1
DA:187,1
DA:189,1
DA:191,1
DA:192,1
DA:194,3
DA:195,2
DA:199,1
DA:200,0
DA:209,0
DA:210,0
DA:213,0
DA:214,0
DA:216,0
DA:219,0
DA:220,0
DA:221,0
DA:222,0
DA:223,0
DA:224,0
DA:231,1
DA:233,0
DA:235,0
DA:236,0
DA:238,0
DA:244,0
DA:246,0
DA:248,0
DA:249,0
DA:250,0
DA:260,1
DA:264,1
DA:266,1
DA:267,1
DA:269,1
DA:270,1
DA:271,3
DA:272,2
LF:104
LH:63
end_of_record
SF:lib/presentation/pages/collections/collection_detail_page.dart
DA:22,1
DA:36,0
DA:40,0
DA:41,0
DA:43,0
DA:48,1
DA:49,1
DA:53,1
DA:54,2
DA:55,1
DA:56,2
DA:71,1
DA:73,1
DA:74,1
DA:77,1
DA:79,2
DA:80,1
DA:83,1
DA:84,2
DA:85,1
DA:86,1
DA:89,2
DA:90,4
DA:93,1
DA:94,1
DA:95,1
DA:96,2
DA:97,1
DA:98,2
DA:101,1
DA:102,1
DA:103,1
DA:104,2
DA:105,2
DA:106,1
DA:110,3
DA:111,1
DA:112,1
DA:113,0
DA:114,0
DA:115,0
DA:117,1
DA:119,4
DA:120,2
DA:121,2
DA:122,1
DA:123,3
DA:125,1
DA:133,1
DA:134,1
DA:135,1
DA:136,2
DA:138,3
DA:139,3
DA:140,1
DA:141,1
DA:142,3
DA:145,1
DA:146,0
DA:152,1
DA:155,0
DA:156,0
DA:158,0
DA:160,0
DA:161,0
DA:162,0
DA:163,0
DA:166,0
DA:167,0
DA:168,0
DA:170,0
DA:174,1
DA:176,4
DA:177,1
DA:178,1
DA:179,5
DA:180,1
DA:182,1
DA:183,2
DA:184,0
DA:187,1
DA:190,4
DA:194,1
DA:198,1
DA:199,1
DA:200,1
DA:201,3
DA:203,2
DA:206,3
DA:207,1
DA:208,1
DA:209,1
DA:211,2
DA:222,1
DA:223,1
DA:224,3
DA:225,2
DA:226,1
DA:227,1
DA:232,1
DA:233,1
DA:235,1
DA:236,2
DA:237,2
DA:242,1
DA:243,0
DA:244,0
DA:245,0
DA:246,0
DA:257,1
DA:258,1
DA:266,2
DA:267,1
DA:268,2
DA:269,1
DA:270,0
DA:271,1
DA:272,1
DA:273,1
DA:275,0
DA:278,1
DA:279,1
DA:282,1
DA:283,1
DA:284,2
DA:297,1
DA:299,1
DA:301,2
DA:302,1
DA:304,1
DA:306,1
DA:307,1
DA:308,2
DA:310,1
DA:311,1
DA:313,4
DA:314,1
DA:326,1
DA:331,1
DA:333,2
DA:334,1
DA:336,2
DA:337,1
DA:341,1
DA:342,1
DA:343,1
DA:346,1
DA:348,1
DA:349,1
DA:351,1
DA:354,1
DA:366,1
DA:368,1
DA:370,1
DA:371,1
DA:372,1
DA:374,1
DA:376,1
DA:377,1
DA:380,2
DA:383,1
DA:385,2
DA:386,1
DA:389,1
DA:392,3
DA:393,2
DA:404,1
DA:409,1
DA:411,1
DA:412,1
DA:414,1
DA:416,1
DA:419,2
DA:421,2
LF:174
LH:148
end_of_record
SF:lib/presentation/pages/collections/collections_page.dart
DA:17,0
DA:22,0
DA:23,0
DA:24,0
DA:25,0
DA:26,0
DA:33,0
DA:37,0
DA:38,0
DA:40,0
DA:45,1
DA:47,1
DA:48,1
DA:49,1
DA:50,2
DA:54,1
DA:55,0
DA:56,0
DA:57,0
DA:58,0
DA:59,0
DA:62,0
DA:63,0
DA:66,0
DA:68,0
DA:75,1
DA:77,1
DA:78,1
DA:80,1
DA:81,0
DA:82,3
DA:83,1
DA:84,1
DA:91,1
DA:92,1
DA:93,1
DA:94,2
DA:96,1
DA:97,1
DA:99,1
DA:102,0
DA:103,0
DA:104,0
DA:105,0
DA:106,0
DA:107,0
DA:114,1
DA:118,1
DA:120,1
DA:122,2
DA:123,1
DA:124,1
DA:125,3
DA:131,1
DA:135,1
DA:137,1
DA:139,6
DA:141,1
DA:143,1
DA:145,1
DA:146,2
DA:147,1
DA:149,2
DA:152,1
DA:153,2
DA:154,2
DA:155,1
DA:159,1
DA:160,2
DA:164,2
DA:165,0
DA:166,0
DA:167,0
DA:168,0
DA:177,1
DA:181,1
DA:183,1
DA:184,1
DA:186,0
DA:188,0
DA:189,0
DA:193,0
DA:194,0
DA:197,0
DA:198,0
DA:199,0
DA:200,0
DA:201,0
DA:204,0
DA:205,0
DA:206,0
DA:209,0
DA:217,0
DA:218,0
DA:220,0
DA:222,0
DA:224,0
DA:225,0
DA:226,0
DA:229,0
DA:230,0
DA:240,1
DA:244,1
DA:246,1
DA:247,1
DA:248,1
DA:250,1
DA:252,1
DA:253,1
DA:256,2
DA:259,1
DA:261,2
DA:262,1
DA:265,1
DA:269,3
DA:270,2
DA:274,1
DA:275,1
DA:287,0
DA:292,0
DA:294,0
DA:295,0
DA:297,0
DA:299,0
DA:302,0
DA:304,0
DA:305,0
DA:306,0
DA:307,0
LF:129
LH:65
end_of_record
SF:lib/presentation/widgets/sections/lit_section.dart
DA:17,3
DA:64,3
DA:65,3
DA:74,3
DA:76,3
DA:77,3
DA:78,15
DA:79,3
DA:82,3
DA:84,7
DA:85,6
DA:86,3
DA:92,3
DA:93,6
DA:94,3
DA:95,9
DA:96,3
DA:97,3
DA:101,3
DA:102,3
DA:103,6
DA:104,3
DA:106,9
DA:107,6
DA:108,12
DA:111,15
DA:112,12
DA:115,3
DA:117,3
DA:118,3
DA:119,3
DA:121,3
DA:122,3
DA:123,3
DA:125,3
DA:126,3
DA:128,3
DA:130,3
DA:131,3
DA:132,3
DA:134,3
DA:135,6
DA:136,0
DA:137,0
DA:138,0
DA:139,0
DA:143,15
DA:147,6
DA:148,2
DA:149,4
DA:156,10
DA:158,3
DA:159,6
DA:160,3
DA:162,3
DA:164,6
DA:167,3
DA:174,3
DA:175,3
DA:179,3
DA:183,9
DA:184,3
DA:185,3
DA:186,3
DA:187,3
DA:192,3
DA:193,6
DA:194,6
DA:200,3
DA:201,3
DA:203,3
DA:204,3
DA:205,3
DA:207,9
LF:74
LH:70
end_of_record
SF:lib/presentation/pages/user_search/widgets/user_search_item.dart
DA:22,2
DA:47,2
DA:49,2
DA:50,2
DA:52,2
DA:56,2
DA:59,2
DA:60,4
DA:62,2
DA:63,2
DA:64,4
DA:65,2
DA:66,4
DA:70,2
DA:71,2
DA:76,4
DA:77,6
DA:78,2
DA:79,2
DA:80,2
DA:81,4
DA:82,2
DA:83,2
DA:86,2
DA:87,2
DA:88,6
DA:89,2
DA:90,1
DA:92,4
DA:93,2
DA:97,4
DA:98,4
DA:99,2
DA:123,2
DA:124,2
DA:125,6
DA:126,2
DA:129,2
DA:131,2
DA:134,2
DA:135,2
DA:136,2
DA:139,2
DA:140,2
DA:141,4
DA:147,2
DA:148,4
DA:149,0
DA:150,0
DA:152,0
DA:153,0
DA:154,0
DA:156,2
DA:161,2
DA:166,2
DA:169,2
DA:171,2
DA:173,2
DA:174,2
DA:175,2
DA:176,2
DA:185,2
DA:186,2
DA:187,2
DA:188,14
DA:198,2
DA:199,2
DA:200,2
DA:201,2
DA:202,2
DA:203,4
DA:204,6
DA:211,5
DA:215,1
DA:216,1
DA:217,3
DA:218,3
DA:219,3
DA:230,1
DA:231,1
DA:232,2
DA:233,3
DA:234,3
DA:241,2
DA:242,2
DA:245,2
DA:246,2
DA:248,6
DA:252,2
DA:254,6
DA:258,4
DA:259,1
DA:261,3
DA:269,2
DA:275,2
DA:277,2
DA:279,2
DA:280,2
DA:281,2
DA:283,2
DA:285,2
DA:286,2
DA:292,2
DA:294,2
DA:306,2
DA:311,2
DA:314,2
DA:315,4
DA:316,2
DA:317,4
DA:318,2
DA:319,2
DA:320,1
DA:321,2
DA:323,5
DA:324,2
DA:325,2
DA:326,2
DA:327,2
DA:328,1
DA:329,2
DA:338,2
DA:340,4
DA:342,2
DA:343,1
DA:344,4
DA:346,2
DA:347,0
DA:350,0
DA:352,0
DA:353,0
DA:358,2
DA:359,2
DA:368,2
DA:369,2
DA:375,2
DA:377,6
DA:378,2
DA:381,2
DA:382,6
LF:140
LH:131
end_of_record
SF:lib/presentation/pages/leaderboard/widgets/leaderboard_rank.dart
DA:13,2
DA:24,2
DA:25,2
DA:26,1
DA:27,0
DA:31,2
DA:33,2
DA:34,2
DA:35,2
DA:36,2
DA:38,2
DA:39,4
DA:40,2
DA:41,2
DA:42,2
DA:43,2
DA:44,4
DA:46,2
DA:48,4
DA:49,4
DA:51,2
DA:52,4
DA:53,6
DA:54,6
LF:24
LH:23
end_of_record
SF:lib/presentation/widgets/top_three/top_three_stack.dart
DA:21,2
DA:38,2
DA:39,2
DA:46,4
DA:56,2
DA:58,2
DA:59,4
DA:60,2
DA:63,2
DA:65,2
DA:68,6
DA:69,0
DA:70,0
DA:71,0
DA:72,0
DA:73,0
DA:78,1
DA:79,1
DA:80,1
DA:83,1
DA:84,2
DA:85,4
DA:86,2
DA:88,2
DA:89,0
DA:93,1
DA:94,1
DA:95,2
DA:96,3
DA:97,2
DA:98,0
DA:103,2
DA:104,8
DA:106,2
DA:108,2
DA:109,4
DA:111,2
DA:112,2
DA:113,2
DA:114,2
DA:115,4
DA:118,2
DA:119,6
DA:122,4
DA:123,10
DA:125,2
DA:126,1
DA:127,1
DA:128,2
DA:129,1
DA:130,2
DA:132,2
DA:134,2
DA:136,2
DA:139,2
DA:140,2
DA:141,2
DA:142,2
DA:143,4
DA:144,2
DA:145,2
DA:148,10
DA:154,2
DA:155,2
DA:172,2
DA:173,2
DA:175,2
DA:183,2
DA:184,2
DA:185,4
DA:187,4
DA:190,2
DA:191,14
DA:193,2
DA:194,4
DA:195,2
DA:197,4
DA:198,6
DA:201,2
DA:203,2
DA:205,2
DA:207,2
DA:209,2
DA:210,2
DA:211,4
DA:212,2
DA:216,2
DA:217,4
DA:219,4
DA:220,6
DA:221,4
LF:91
LH:84
end_of_record
SF:lib/presentation/widgets/top_three/stacked_cover.dart
DA:16,2
DA:41,2
DA:43,2
DA:44,2
DA:45,2
DA:46,4
DA:47,4
DA:51,6
DA:53,4
DA:54,2
DA:55,8
DA:56,2
DA:57,6
DA:60,2
DA:65,2
DA:67,2
DA:68,2
DA:70,1
DA:75,1
DA:76,2
DA:78,2
DA:79,2
DA:81,2
DA:82,2
DA:83,2
DA:84,4
DA:85,2
DA:86,2
DA:91,2
DA:93,2
DA:95,2
DA:96,4
DA:97,0
DA:98,0
DA:100,0
DA:101,0
DA:102,0
DA:103,0
DA:106,6
DA:110,2
DA:111,2
DA:112,2
DA:114,4
DA:117,4
DA:118,0
DA:119,0
DA:120,0
DA:122,0
DA:127,2
DA:128,4
DA:129,4
DA:130,2
DA:133,2
DA:134,2
DA:135,4
DA:136,6
DA:137,6
DA:146,2
DA:147,2
DA:151,6
DA:163,2
DA:168,2
DA:170,4
DA:171,2
DA:172,2
DA:173,2
DA:174,2
DA:175,2
DA:177,2
DA:178,2
DA:179,2
DA:180,2
DA:181,2
DA:182,4
DA:193,2
DA:203,2
DA:205,2
DA:206,8
DA:207,2
DA:210,2
DA:213,10
DA:218,1
DA:220,3
DA:221,3
DA:222,3
DA:226,2
DA:231,2
DA:233,2
DA:234,2
DA:235,2
DA:236,4
DA:237,2
DA:238,2
DA:241,2
DA:242,6
DA:243,6
DA:247,2
DA:248,2
DA:251,2
DA:252,2
DA:253,2
DA:256,4
DA:258,2
DA:259,2
DA:260,8
DA:261,4
DA:262,6
DA:263,2
LF:108
LH:98
end_of_record
SF:lib/presentation/widgets/loading/dither_skeleton.dart
DA:17,1
DA:25,1
DA:26,3
DA:29,1
DA:30,1
DA:36,1
DA:37,1
DA:42,2
DA:47,1
DA:49,1
DA:50,2
DA:51,0
DA:52,2
DA:53,3
DA:57,1
DA:59,2
DA:60,1
DA:63,1
DA:65,2
DA:67,5
DA:69,1
DA:70,1
DA:72,1
DA:73,2
DA:74,2
DA:75,1
DA:76,1
DA:77,2
DA:78,1
DA:79,1
DA:80,2
DA:81,1
DA:82,1
DA:83,2
DA:99,1
DA:104,1
DA:106,1
DA:107,1
DA:108,5
DA:109,1
DA:112,2
DA:113,1
DA:114,3
DA:115,2
DA:117,1
DA:118,2
DA:119,2
DA:120,3
LF:48
LH:47
end_of_record
